This file contains any messages produced by compilers while
running configure, to aid debugging if configure makes a mistake.

It was created by Bap configure 0.8, which was
generated by GNU Autoconf 2.69.  Invocation command line was

  $ ./configure 

## --------- ##
## Platform. ##
## --------- ##

hostname = 97b6babfe86c
uname -m = x86_64
uname -r = 3.19.0-25-generic
uname -s = Linux
uname -v = #26~14.04.1-Ubuntu SMP Fri Jul 24 21:16:20 UTC 2015

/usr/bin/uname -p = unknown
/bin/uname -X     = unknown

/bin/arch              = unknown
/usr/bin/arch -k       = unknown
/usr/convex/getsysinfo = unknown
/usr/bin/hostinfo      = unknown
/bin/machine           = unknown
/usr/bin/oslevel       = unknown
/bin/universe          = unknown

PATH: /root/.opam/3.12.1/bin
PATH: /usr/lib/jvm/jdk1.8.0_71/bin
PATH: /usr/local/sbin
PATH: /usr/local/bin
PATH: /usr/sbin
PATH: /usr/bin
PATH: /sbin
PATH: /bin


## ----------- ##
## Core tests. ##
## ----------- ##

configure:2535: checking for a BSD-compatible install
configure:2603: result: /usr/bin/install -c
configure:2614: checking whether build environment is sane
configure:2669: result: yes
configure:2820: checking for a thread-safe mkdir -p
configure:2859: result: /bin/mkdir -p
configure:2866: checking for gawk
configure:2896: result: no
configure:2866: checking for mawk
configure:2882: found /usr/bin/mawk
configure:2893: result: mawk
configure:2904: checking whether make sets $(MAKE)
configure:2926: result: yes
configure:2955: checking whether make supports nested variables
configure:2972: result: yes
configure:3376: checking for g++
configure:3392: found /usr/bin/g++
configure:3403: result: g++
configure:3430: checking for C++ compiler version
configure:3439: g++ --version >&5
g++ (Ubuntu 4.8.4-2ubuntu1~14.04) 4.8.4
Copyright (C) 2013 Free Software Foundation, Inc.
This is free software; see the source for copying conditions.  There is NO
warranty; not even for MERCHANTABILITY or FITNESS FOR A PARTICULAR PURPOSE.

configure:3450: $? = 0
configure:3439: g++ -v >&5
Using built-in specs.
COLLECT_GCC=g++
COLLECT_LTO_WRAPPER=/usr/lib/gcc/x86_64-linux-gnu/4.8/lto-wrapper
Target: x86_64-linux-gnu
Configured with: ../src/configure -v --with-pkgversion='Ubuntu 4.8.4-2ubuntu1~14.04' --with-bugurl=file:///usr/share/doc/gcc-4.8/README.Bugs --enable-languages=c,c++,java,go,d,fortran,objc,obj-c++ --prefix=/usr --program-suffix=-4.8 --enable-shared --enable-linker-build-id --libexecdir=/usr/lib --without-included-gettext --enable-threads=posix --with-gxx-include-dir=/usr/include/c++/4.8 --libdir=/usr/lib --enable-nls --with-sysroot=/ --enable-clocale=gnu --enable-libstdcxx-debug --enable-libstdcxx-time=yes --enable-gnu-unique-object --disable-libmudflap --enable-plugin --with-system-zlib --disable-browser-plugin --enable-java-awt=gtk --enable-gtk-cairo --with-java-home=/usr/lib/jvm/java-1.5.0-gcj-4.8-amd64/jre --enable-java-home --with-jvm-root-dir=/usr/lib/jvm/java-1.5.0-gcj-4.8-amd64 --with-jvm-jar-dir=/usr/lib/jvm-exports/java-1.5.0-gcj-4.8-amd64 --with-arch-directory=amd64 --with-ecj-jar=/usr/share/java/eclipse-ecj.jar --enable-objc-gc --enable-multiarch --disable-werror --with-arch-32=i686 --with-abi=m64 --with-multilib-list=m32,m64,mx32 --with-tune=generic --enable-checking=release --build=x86_64-linux-gnu --host=x86_64-linux-gnu --target=x86_64-linux-gnu
Thread model: posix
gcc version 4.8.4 (Ubuntu 4.8.4-2ubuntu1~14.04) 
configure:3450: $? = 0
configure:3439: g++ -V >&5
g++: error: unrecognized command line option '-V'
g++: fatal error: no input files
compilation terminated.
configure:3450: $? = 4
configure:3439: g++ -qversion >&5
g++: error: unrecognized command line option '-qversion'
g++: fatal error: no input files
compilation terminated.
configure:3450: $? = 4
configure:3470: checking whether the C++ compiler works
configure:3492: g++    conftest.cpp  >&5
configure:3496: $? = 0
configure:3544: result: yes
configure:3547: checking for C++ compiler default output file name
configure:3549: result: a.out
configure:3555: checking for suffix of executables
configure:3562: g++ -o conftest    conftest.cpp  >&5
configure:3566: $? = 0
configure:3588: result: 
configure:3610: checking whether we are cross compiling
configure:3618: g++ -o conftest    conftest.cpp  >&5
configure:3622: $? = 0
configure:3629: ./conftest
configure:3633: $? = 0
configure:3648: result: no
configure:3653: checking for suffix of object files
configure:3675: g++ -c   conftest.cpp >&5
configure:3679: $? = 0
configure:3700: result: o
configure:3704: checking whether we are using the GNU C++ compiler
configure:3723: g++ -c   conftest.cpp >&5
configure:3723: $? = 0
configure:3732: result: yes
configure:3741: checking whether g++ accepts -g
configure:3761: g++ -c -g  conftest.cpp >&5
configure:3761: $? = 0
configure:3802: result: yes
configure:3836: checking for style of include used by make
configure:3864: result: GNU
configure:3890: checking dependency style of g++
configure:4001: result: gcc3
configure:4064: checking for gcc
configure:4080: found /usr/bin/gcc
configure:4091: result: gcc
configure:4320: checking for C compiler version
configure:4329: gcc --version >&5
gcc (Ubuntu 4.8.4-2ubuntu1~14.04) 4.8.4
Copyright (C) 2013 Free Software Foundation, Inc.
This is free software; see the source for copying conditions.  There is NO
warranty; not even for MERCHANTABILITY or FITNESS FOR A PARTICULAR PURPOSE.

configure:4340: $? = 0
configure:4329: gcc -v >&5
Using built-in specs.
COLLECT_GCC=gcc
COLLECT_LTO_WRAPPER=/usr/lib/gcc/x86_64-linux-gnu/4.8/lto-wrapper
Target: x86_64-linux-gnu
Configured with: ../src/configure -v --with-pkgversion='Ubuntu 4.8.4-2ubuntu1~14.04' --with-bugurl=file:///usr/share/doc/gcc-4.8/README.Bugs --enable-languages=c,c++,java,go,d,fortran,objc,obj-c++ --prefix=/usr --program-suffix=-4.8 --enable-shared --enable-linker-build-id --libexecdir=/usr/lib --without-included-gettext --enable-threads=posix --with-gxx-include-dir=/usr/include/c++/4.8 --libdir=/usr/lib --enable-nls --with-sysroot=/ --enable-clocale=gnu --enable-libstdcxx-debug --enable-libstdcxx-time=yes --enable-gnu-unique-object --disable-libmudflap --enable-plugin --with-system-zlib --disable-browser-plugin --enable-java-awt=gtk --enable-gtk-cairo --with-java-home=/usr/lib/jvm/java-1.5.0-gcj-4.8-amd64/jre --enable-java-home --with-jvm-root-dir=/usr/lib/jvm/java-1.5.0-gcj-4.8-amd64 --with-jvm-jar-dir=/usr/lib/jvm-exports/java-1.5.0-gcj-4.8-amd64 --with-arch-directory=amd64 --with-ecj-jar=/usr/share/java/eclipse-ecj.jar --enable-objc-gc --enable-multiarch --disable-werror --with-arch-32=i686 --with-abi=m64 --with-multilib-list=m32,m64,mx32 --with-tune=generic --enable-checking=release --build=x86_64-linux-gnu --host=x86_64-linux-gnu --target=x86_64-linux-gnu
Thread model: posix
gcc version 4.8.4 (Ubuntu 4.8.4-2ubuntu1~14.04) 
configure:4340: $? = 0
configure:4329: gcc -V >&5
gcc: error: unrecognized command line option '-V'
gcc: fatal error: no input files
compilation terminated.
configure:4340: $? = 4
configure:4329: gcc -qversion >&5
gcc: error: unrecognized command line option '-qversion'
gcc: fatal error: no input files
compilation terminated.
configure:4340: $? = 4
configure:4344: checking whether we are using the GNU C compiler
configure:4363: gcc -c   conftest.c >&5
configure:4363: $? = 0
configure:4372: result: yes
configure:4381: checking whether gcc accepts -g
configure:4401: gcc -c -g  conftest.c >&5
configure:4401: $? = 0
configure:4442: result: yes
configure:4459: checking for gcc option to accept ISO C89
configure:4522: gcc  -c -g -O2  conftest.c >&5
configure:4522: $? = 0
configure:4535: result: none needed
configure:4560: checking whether gcc understands -c and -o together
configure:4582: gcc -c conftest.c -o conftest2.o
configure:4585: $? = 0
configure:4582: gcc -c conftest.c -o conftest2.o
configure:4585: $? = 0
configure:4597: result: yes
configure:4616: checking dependency style of gcc
configure:4727: result: gcc3
configure:4742: checking whether make sets $(MAKE)
configure:4764: result: yes
configure:4816: checking for ranlib
configure:4832: found /usr/bin/ranlib
configure:4843: result: ranlib
configure:4885: checking for ocamlc
configure:4903: found /root/.opam/3.12.1/bin/ocamlc
configure:4915: result: /root/.opam/3.12.1/bin/ocamlc
configure:4929: checking for OCaml version
configure:4932: result: 3.12.1
configure:4938: checking whether OCaml version >= 3.12.0
configure:4960: result: yes
configure:4970: checking for OCaml library path
configure:4973: result: /root/.opam/3.12.1/lib/ocaml
configure:4981: checking for ocamlc.opt
configure:4999: found /root/.opam/3.12.1/bin/ocamlc.opt
configure:5011: result: /root/.opam/3.12.1/bin/ocamlc.opt
configure:5027: checking for ocamlc.opt version
configure:5030: result: 3.12.1
configure:5051: checking for ocamlopt
configure:5069: found /root/.opam/3.12.1/bin/ocamlopt
configure:5081: result: /root/.opam/3.12.1/bin/ocamlopt
configure:5097: checking for ocamlopt version
configure:5100: result: 3.12.1
configure:5115: checking if OCaml C compiler works
configure:5118: result: yes
configure:5136: checking for ocamlopt.opt
configure:5154: found /root/.opam/3.12.1/bin/ocamlopt.opt
configure:5166: result: /root/.opam/3.12.1/bin/ocamlopt.opt
configure:5182: checking for ocamlopt.opt version
configure:5185: result: 3.12.1
configure:5206: checking for ocamldep
configure:5224: found /root/.opam/3.12.1/bin/ocamldep
configure:5236: result: /root/.opam/3.12.1/bin/ocamldep
configure:5255: checking for ocamldep.opt
configure:5273: found /root/.opam/3.12.1/bin/ocamldep.opt
configure:5285: result: /root/.opam/3.12.1/bin/ocamldep.opt
configure:5307: checking for ocamlmktop
configure:5325: found /root/.opam/3.12.1/bin/ocamlmktop
configure:5337: result: /root/.opam/3.12.1/bin/ocamlmktop
configure:5355: checking for ocamlmklib
configure:5373: found /root/.opam/3.12.1/bin/ocamlmklib
configure:5385: result: /root/.opam/3.12.1/bin/ocamlmklib
configure:5403: checking for ocamldoc
configure:5421: found /root/.opam/3.12.1/bin/ocamldoc
configure:5433: result: /root/.opam/3.12.1/bin/ocamldoc
configure:5452: checking for ocamldoc.opt
configure:5470: found /root/.opam/3.12.1/bin/ocamldoc.opt
configure:5482: result: /root/.opam/3.12.1/bin/ocamldoc.opt
configure:5504: checking for ocamllex
configure:5522: found /root/.opam/3.12.1/bin/ocamllex
configure:5534: result: /root/.opam/3.12.1/bin/ocamllex
configure:5553: checking for ocamllex.opt
configure:5571: found /root/.opam/3.12.1/bin/ocamllex.opt
configure:5583: result: /root/.opam/3.12.1/bin/ocamllex.opt
configure:5605: checking for ocamlyacc
configure:5623: found /root/.opam/3.12.1/bin/ocamlyacc
configure:5635: result: /root/.opam/3.12.1/bin/ocamlyacc
configure:5657: checking for camlp4
configure:5675: found /root/.opam/3.12.1/bin/camlp4
configure:5687: result: /root/.opam/3.12.1/bin/camlp4
configure:5701: checking for camlp4 version
configure:5704: result: 3.12.1
configure:5719: checking for camlp4o
configure:5737: found /root/.opam/3.12.1/bin/camlp4o
configure:5749: result: /root/.opam/3.12.1/bin/camlp4o
configure:5766: checking for camlp4of
configure:5784: found /root/.opam/3.12.1/bin/camlp4of
configure:5796: result: /root/.opam/3.12.1/bin/camlp4of
configure:5813: checking for camlp4r
configure:5831: found /root/.opam/3.12.1/bin/camlp4r
configure:5843: result: /root/.opam/3.12.1/bin/camlp4r
configure:5858: checking for CamlP4 library path
configure:5861: result: /root/.opam/3.12.1/lib/ocaml/camlp4
configure:5870: checking for ocamlfind
configure:5888: found /root/.opam/3.12.1/bin/ocamlfind
configure:5900: result: /root/.opam/3.12.1/bin/ocamlfind
configure:5918: checking for camlidl
configure:5936: found /root/.opam/3.12.1/bin/camlidl
configure:5948: result: /root/.opam/3.12.1/bin/camlidl
configure:6054: checking for /root/whitebox_fuzzer/pin
configure:6068: result: yes
configure:6089: checking llvm ocaml libraries
configure:6138: result: no
configure:6225: WARNING: ETAGS not found. BAP will not build tags.
configure:6239: checking for camomile
configure:6247: result: yes
configure:6251: checking for bfd_init in -lbfd
configure:6276: gcc -o conftest -g -O2   conftest.c -lbfd   >&5
configure:6276: $? = 0
configure:6285: result: yes
configure:6298: checking for xmalloc in -liberty
configure:6323: gcc -o conftest -g -O2   conftest.c -liberty  -lbfd  >&5
configure:6323: $? = 0
configure:6332: result: yes
configure:6345: checking for pcre_config in -lpcre
configure:6370: gcc -o conftest -g -O2   conftest.c -lpcre  -liberty -lbfd  >&5
configure:6370: $? = 0
configure:6379: result: yes
configure:6393: checking for inflate in -lz
configure:6418: gcc -o conftest -g -O2   conftest.c -lz  -lpcre -liberty -lbfd  >&5
configure:6418: $? = 0
configure:6427: result: yes
configure:6460: checking build system type
configure:6474: result: x86_64-unknown-linux-gnu
configure:6494: checking host system type
configure:6507: result: x86_64-unknown-linux-gnu
configure:6547: checking how to run the C preprocessor
configure:6578: gcc -E  conftest.c
configure:6578: $? = 0
configure:6592: gcc -E  conftest.c
conftest.c:15:28: fatal error: ac_nonexistent.h: No such file or directory
 #include <ac_nonexistent.h>
                            ^
compilation terminated.
configure:6592: $? = 1
configure: failed program was:
| /* confdefs.h */
| #define PACKAGE_NAME "Bap"
| #define PACKAGE_TARNAME "bap"
| #define PACKAGE_VERSION "0.8"
| #define PACKAGE_STRING "Bap 0.8"
| #define PACKAGE_BUGREPORT "bap-dev@lists.andrew.cmu.edu"
| #define PACKAGE_URL ""
| #define PACKAGE "bap"
| #define VERSION "0.8"
| #define HAVE_LIBBFD 1
| #define HAVE_LIBIBERTY 1
| #define HAVE_LIBPCRE 1
| #define HAVE_LIBZ 1
| /* end confdefs.h.  */
| #include <ac_nonexistent.h>
configure:6617: result: gcc -E
configure:6637: gcc -E  conftest.c
configure:6637: $? = 0
configure:6651: gcc -E  conftest.c
conftest.c:15:28: fatal error: ac_nonexistent.h: No such file or directory
 #include <ac_nonexistent.h>
                            ^
compilation terminated.
configure:6651: $? = 1
configure: failed program was:
| /* confdefs.h */
| #define PACKAGE_NAME "Bap"
| #define PACKAGE_TARNAME "bap"
| #define PACKAGE_VERSION "0.8"
| #define PACKAGE_STRING "Bap 0.8"
| #define PACKAGE_BUGREPORT "bap-dev@lists.andrew.cmu.edu"
| #define PACKAGE_URL ""
| #define PACKAGE "bap"
| #define VERSION "0.8"
| #define HAVE_LIBBFD 1
| #define HAVE_LIBIBERTY 1
| #define HAVE_LIBPCRE 1
| #define HAVE_LIBZ 1
| /* end confdefs.h.  */
| #include <ac_nonexistent.h>
configure:6680: checking for grep that handles long lines and -e
configure:6738: result: /bin/grep
configure:6743: checking for egrep
configure:6805: result: /bin/grep -E
configure:6810: checking for ANSI C header files
configure:6830: gcc -c -g -O2  conftest.c >&5
configure:6830: $? = 0
configure:6903: gcc -o conftest -g -O2   conftest.c -lz -lpcre -liberty -lbfd  >&5
configure:6903: $? = 0
configure:6903: ./conftest
configure:6903: $? = 0
configure:6914: result: yes
configure:6927: checking for sys/types.h
configure:6927: gcc -c -g -O2  conftest.c >&5
configure:6927: $? = 0
configure:6927: result: yes
configure:6927: checking for sys/stat.h
configure:6927: gcc -c -g -O2  conftest.c >&5
configure:6927: $? = 0
configure:6927: result: yes
configure:6927: checking for stdlib.h
configure:6927: gcc -c -g -O2  conftest.c >&5
configure:6927: $? = 0
configure:6927: result: yes
configure:6927: checking for string.h
configure:6927: gcc -c -g -O2  conftest.c >&5
configure:6927: $? = 0
configure:6927: result: yes
configure:6927: checking for memory.h
configure:6927: gcc -c -g -O2  conftest.c >&5
configure:6927: $? = 0
configure:6927: result: yes
configure:6927: checking for strings.h
configure:6927: gcc -c -g -O2  conftest.c >&5
configure:6927: $? = 0
configure:6927: result: yes
configure:6927: checking for inttypes.h
configure:6927: gcc -c -g -O2  conftest.c >&5
configure:6927: $? = 0
configure:6927: result: yes
configure:6927: checking for stdint.h
configure:6927: gcc -c -g -O2  conftest.c >&5
configure:6927: $? = 0
configure:6927: result: yes
configure:6927: checking for unistd.h
configure:6927: gcc -c -g -O2  conftest.c >&5
configure:6927: $? = 0
configure:6927: result: yes
configure:6942: checking fcntl.h usability
configure:6942: gcc -c -g -O2  conftest.c >&5
configure:6942: $? = 0
configure:6942: result: yes
configure:6942: checking fcntl.h presence
configure:6942: gcc -E  conftest.c
configure:6942: $? = 0
configure:6942: result: yes
configure:6942: checking for fcntl.h
configure:6942: result: yes
configure:6942: checking for stdint.h
configure:6942: result: yes
configure:6942: checking for stdlib.h
configure:6942: result: yes
configure:6942: checking for string.h
configure:6942: result: yes
configure:6942: checking for unistd.h
configure:6942: result: yes
configure:6954: checking bfd.h usability
configure:6954: gcc -c -g -O2  conftest.c >&5
configure:6954: $? = 0
configure:6954: result: yes
configure:6954: checking bfd.h presence
configure:6954: gcc -E  conftest.c
configure:6954: $? = 0
configure:6954: result: yes
configure:6954: checking for bfd.h
configure:6954: result: yes
configure:6962: checking pcre.h usability
configure:6962: gcc -c -g -O2  conftest.c >&5
configure:6962: $? = 0
configure:6962: result: yes
configure:6962: checking pcre.h presence
configure:6962: gcc -E  conftest.c
configure:6962: $? = 0
configure:6962: result: yes
configure:6962: checking for pcre.h
configure:6962: result: yes
configure:6972: checking for stdbool.h that conforms to C99
configure:7039: gcc -c -g -O2  conftest.c >&5
configure:7039: $? = 0
configure:7046: result: yes
configure:7048: checking for _Bool
configure:7048: gcc -c -g -O2  conftest.c >&5
configure:7048: $? = 0
configure:7048: gcc -c -g -O2  conftest.c >&5
conftest.c: In function 'main':
conftest.c:66:20: error: expected expression before ')' token
 if (sizeof ((_Bool)))
                    ^
configure:7048: $? = 1
configure: failed program was:
| /* confdefs.h */
| #define PACKAGE_NAME "Bap"
| #define PACKAGE_TARNAME "bap"
| #define PACKAGE_VERSION "0.8"
| #define PACKAGE_STRING "Bap 0.8"
| #define PACKAGE_BUGREPORT "bap-dev@lists.andrew.cmu.edu"
| #define PACKAGE_URL ""
| #define PACKAGE "bap"
| #define VERSION "0.8"
| #define HAVE_LIBBFD 1
| #define HAVE_LIBIBERTY 1
| #define HAVE_LIBPCRE 1
| #define HAVE_LIBZ 1
| #define STDC_HEADERS 1
| #define HAVE_SYS_TYPES_H 1
| #define HAVE_SYS_STAT_H 1
| #define HAVE_STDLIB_H 1
| #define HAVE_STRING_H 1
| #define HAVE_MEMORY_H 1
| #define HAVE_STRINGS_H 1
| #define HAVE_INTTYPES_H 1
| #define HAVE_STDINT_H 1
| #define HAVE_UNISTD_H 1
| #define HAVE_FCNTL_H 1
| #define HAVE_STDINT_H 1
| #define HAVE_STDLIB_H 1
| #define HAVE_STRING_H 1
| #define HAVE_UNISTD_H 1
| /* end confdefs.h.  */
| #include <stdio.h>
| #ifdef HAVE_SYS_TYPES_H
| # include <sys/types.h>
| #endif
| #ifdef HAVE_SYS_STAT_H
| # include <sys/stat.h>
| #endif
| #ifdef STDC_HEADERS
| # include <stdlib.h>
| # include <stddef.h>
| #else
| # ifdef HAVE_STDLIB_H
| #  include <stdlib.h>
| # endif
| #endif
| #ifdef HAVE_STRING_H
| # if !defined STDC_HEADERS && defined HAVE_MEMORY_H
| #  include <memory.h>
| # endif
| # include <string.h>
| #endif
| #ifdef HAVE_STRINGS_H
| # include <strings.h>
| #endif
| #ifdef HAVE_INTTYPES_H
| # include <inttypes.h>
| #endif
| #ifdef HAVE_STDINT_H
| # include <stdint.h>
| #endif
| #ifdef HAVE_UNISTD_H
| # include <unistd.h>
| #endif
| int
| main ()
| {
| if (sizeof ((_Bool)))
| 	    return 0;
|   ;
|   return 0;
| }
configure:7048: result: yes
configure:7065: checking for an ANSI C-conforming const
configure:7131: gcc -c -g -O2  conftest.c >&5
configure:7131: $? = 0
configure:7138: result: yes
configure:7146: checking for size_t
configure:7146: gcc -c -g -O2  conftest.c >&5
configure:7146: $? = 0
configure:7146: gcc -c -g -O2  conftest.c >&5
conftest.c: In function 'main':
conftest.c:68:21: error: expected expression before ')' token
 if (sizeof ((size_t)))
                     ^
configure:7146: $? = 1
configure: failed program was:
| /* confdefs.h */
| #define PACKAGE_NAME "Bap"
| #define PACKAGE_TARNAME "bap"
| #define PACKAGE_VERSION "0.8"
| #define PACKAGE_STRING "Bap 0.8"
| #define PACKAGE_BUGREPORT "bap-dev@lists.andrew.cmu.edu"
| #define PACKAGE_URL ""
| #define PACKAGE "bap"
| #define VERSION "0.8"
| #define HAVE_LIBBFD 1
| #define HAVE_LIBIBERTY 1
| #define HAVE_LIBPCRE 1
| #define HAVE_LIBZ 1
| #define STDC_HEADERS 1
| #define HAVE_SYS_TYPES_H 1
| #define HAVE_SYS_STAT_H 1
| #define HAVE_STDLIB_H 1
| #define HAVE_STRING_H 1
| #define HAVE_MEMORY_H 1
| #define HAVE_STRINGS_H 1
| #define HAVE_INTTYPES_H 1
| #define HAVE_STDINT_H 1
| #define HAVE_UNISTD_H 1
| #define HAVE_FCNTL_H 1
| #define HAVE_STDINT_H 1
| #define HAVE_STDLIB_H 1
| #define HAVE_STRING_H 1
| #define HAVE_UNISTD_H 1
| #define HAVE__BOOL 1
| #define HAVE_STDBOOL_H 1
| /* end confdefs.h.  */
| #include <stdio.h>
| #ifdef HAVE_SYS_TYPES_H
| # include <sys/types.h>
| #endif
| #ifdef HAVE_SYS_STAT_H
| # include <sys/stat.h>
| #endif
| #ifdef STDC_HEADERS
| # include <stdlib.h>
| # include <stddef.h>
| #else
| # ifdef HAVE_STDLIB_H
| #  include <stdlib.h>
| # endif
| #endif
| #ifdef HAVE_STRING_H
| # if !defined STDC_HEADERS && defined HAVE_MEMORY_H
| #  include <memory.h>
| # endif
| # include <string.h>
| #endif
| #ifdef HAVE_STRINGS_H
| # include <strings.h>
| #endif
| #ifdef HAVE_INTTYPES_H
| # include <inttypes.h>
| #endif
| #ifdef HAVE_STDINT_H
| # include <stdint.h>
| #endif
| #ifdef HAVE_UNISTD_H
| # include <unistd.h>
| #endif
| int
| main ()
| {
| if (sizeof ((size_t)))
| 	    return 0;
|   ;
|   return 0;
| }
configure:7146: result: yes
configure:7162: checking size of bfd_vma
configure:7167: gcc -o conftest -g -O2   conftest.c -lz -lpcre -liberty -lbfd  >&5
configure:7167: $? = 0
configure:7167: ./conftest
configure:7167: $? = 0
configure:7182: result: 8
configure:7196: checking for stdlib.h
configure:7196: result: yes
configure:7206: checking for GNU libc compatible malloc
configure:7230: gcc -o conftest -g -O2   conftest.c -lz -lpcre -liberty -lbfd  >&5
configure:7230: $? = 0
configure:7230: ./conftest
configure:7230: $? = 0
configure:7240: result: yes
configure:7261: checking for working memcmp
configure:7304: gcc -o conftest -g -O2   conftest.c -lz -lpcre -liberty -lbfd  >&5
configure:7304: $? = 0
configure:7304: ./conftest
configure:7304: $? = 0
configure:7314: result: yes
configure:7326: checking for bzero
configure:7326: gcc -o conftest -g -O2   conftest.c -lz -lpcre -liberty -lbfd  >&5
conftest.c:58:6: warning: conflicting types for built-in function 'bzero' [enabled by default]
 char bzero ();
      ^
configure:7326: $? = 0
configure:7326: result: yes
configure:7326: checking for memset
configure:7326: gcc -o conftest -g -O2   conftest.c -lz -lpcre -liberty -lbfd  >&5
conftest.c:59:6: warning: conflicting types for built-in function 'memset' [enabled by default]
 char memset ();
      ^
configure:7326: $? = 0
configure:7326: result: yes
configure:7326: checking for strstr
configure:7326: gcc -o conftest -g -O2   conftest.c -lz -lpcre -liberty -lbfd  >&5
conftest.c:60:6: warning: conflicting types for built-in function 'strstr' [enabled by default]
 char strstr ();
      ^
configure:7326: $? = 0
configure:7326: result: yes
configure:7326: checking for strtoul
configure:7326: gcc -o conftest -g -O2   conftest.c -lz -lpcre -liberty -lbfd  >&5
configure:7326: $? = 0
configure:7326: result: yes
configure:7461: checking that generated files are newer than configure
configure:7467: result: done
configure:7502: creating ./config.status

## ---------------------- ##
## Running config.status. ##
## ---------------------- ##

This file was extended by Bap config.status 0.8, which was
generated by GNU Autoconf 2.69.  Invocation command line was

  CONFIG_FILES    = 
  CONFIG_HEADERS  = 
  CONFIG_LINKS    = 
  CONFIG_COMMANDS = 
  $ ./config.status 

on 97b6babfe86c

config.status:926: creating Makefile
config.status:926: creating libasmir/Makefile
config.status:926: creating libasmir/src/Makefile
config.status:926: creating libtracewrap/Makefile
config.status:926: creating pintraces/Makefile
config.status:926: creating ocaml/Makefile
config.status:926: creating utils/Makefile
config.status:926: creating tests/Makefile
config.status:926: creating tests/C/Makefile
config.status:926: creating libasmir/config.h
config.status:1107: libasmir/config.h is unchanged
config.status:1155: executing depfiles commands
configure:8892: === configuring in ocamlgraph (/root/whitebox_fuzzer/ocamlgraph)
configure:8955: running /bin/bash ./configure --disable-option-checking '--prefix=/usr/local'  --cache-file=/dev/null --srcdir=.

## ---------------- ##
## Cache variables. ##
## ---------------- ##

ac_cv_build=x86_64-unknown-linux-gnu
ac_cv_c_compiler_gnu=yes
ac_cv_c_const=yes
ac_cv_cxx_compiler_gnu=yes
ac_cv_env_CCC_set=
ac_cv_env_CCC_value=
ac_cv_env_CC_set=
ac_cv_env_CC_value=
ac_cv_env_CFLAGS_set=
ac_cv_env_CFLAGS_value=
ac_cv_env_CPPFLAGS_set=
ac_cv_env_CPPFLAGS_value=
ac_cv_env_CPP_set=
ac_cv_env_CPP_value=
ac_cv_env_CXXFLAGS_set=
ac_cv_env_CXXFLAGS_value=
ac_cv_env_CXX_set=
ac_cv_env_CXX_value=
ac_cv_env_LDFLAGS_set=
ac_cv_env_LDFLAGS_value=
ac_cv_env_LIBS_set=
ac_cv_env_LIBS_value=
ac_cv_env_build_alias_set=
ac_cv_env_build_alias_value=
ac_cv_env_host_alias_set=
ac_cv_env_host_alias_value=
ac_cv_env_target_alias_set=
ac_cv_env_target_alias_value=
ac_cv_file__root_whitebox_fuzzer_pin=yes
ac_cv_func_bzero=yes
ac_cv_func_malloc_0_nonnull=yes
ac_cv_func_memcmp_working=yes
ac_cv_func_memset=yes
ac_cv_func_strstr=yes
ac_cv_func_strtoul=yes
ac_cv_header_bfd_h=yes
ac_cv_header_fcntl_h=yes
ac_cv_header_inttypes_h=yes
ac_cv_header_memory_h=yes
ac_cv_header_pcre_h=yes
ac_cv_header_stdbool_h=yes
ac_cv_header_stdc=yes
ac_cv_header_stdint_h=yes
ac_cv_header_stdlib_h=yes
ac_cv_header_string_h=yes
ac_cv_header_strings_h=yes
ac_cv_header_sys_stat_h=yes
ac_cv_header_sys_types_h=yes
ac_cv_header_unistd_h=yes
ac_cv_host=x86_64-unknown-linux-gnu
ac_cv_lib_bfd_bfd_init=yes
ac_cv_lib_iberty_xmalloc=yes
ac_cv_lib_pcre_pcre_config=yes
ac_cv_lib_z_inflate=yes
ac_cv_objext=o
ac_cv_path_CAMLIDL=/root/.opam/3.12.1/bin/camlidl
ac_cv_path_CAMLP4=/root/.opam/3.12.1/bin/camlp4
ac_cv_path_CAMLP4O=/root/.opam/3.12.1/bin/camlp4o
ac_cv_path_CAMLP4OF=/root/.opam/3.12.1/bin/camlp4of
ac_cv_path_CAMLP4R=/root/.opam/3.12.1/bin/camlp4r
ac_cv_path_EGREP='/bin/grep -E'
ac_cv_path_GREP=/bin/grep
ac_cv_path_OCAMLC=/root/.opam/3.12.1/bin/ocamlc
ac_cv_path_OCAMLC_OPT=/root/.opam/3.12.1/bin/ocamlc.opt
ac_cv_path_OCAMLDEP=/root/.opam/3.12.1/bin/ocamldep
ac_cv_path_OCAMLDEP_OPT=/root/.opam/3.12.1/bin/ocamldep.opt
ac_cv_path_OCAMLDOC=/root/.opam/3.12.1/bin/ocamldoc
ac_cv_path_OCAMLDOC_OPT=/root/.opam/3.12.1/bin/ocamldoc.opt
ac_cv_path_OCAMLFIND=/root/.opam/3.12.1/bin/ocamlfind
ac_cv_path_OCAMLLEX=/root/.opam/3.12.1/bin/ocamllex
ac_cv_path_OCAMLLEX_OPT=/root/.opam/3.12.1/bin/ocamllex.opt
ac_cv_path_OCAMLMKLIB=/root/.opam/3.12.1/bin/ocamlmklib
ac_cv_path_OCAMLMKTOP=/root/.opam/3.12.1/bin/ocamlmktop
ac_cv_path_OCAMLOPT=/root/.opam/3.12.1/bin/ocamlopt
ac_cv_path_OCAMLOPT_OPT=/root/.opam/3.12.1/bin/ocamlopt.opt
ac_cv_path_OCAMLYACC=/root/.opam/3.12.1/bin/ocamlyacc
ac_cv_path_install='/usr/bin/install -c'
ac_cv_path_mkdir=/bin/mkdir
ac_cv_prog_AWK=mawk
ac_cv_prog_CPP='gcc -E'
ac_cv_prog_ac_ct_CC=gcc
ac_cv_prog_ac_ct_CXX=g++
ac_cv_prog_ac_ct_RANLIB=ranlib
ac_cv_prog_cc_c89=
ac_cv_prog_cc_g=yes
ac_cv_prog_cxx_g=yes
ac_cv_prog_make_make_set=yes
ac_cv_sizeof_bfd_vma=8
ac_cv_type__Bool=yes
ac_cv_type_size_t=yes
am_cv_CC_dependencies_compiler_type=gcc3
am_cv_CXX_dependencies_compiler_type=gcc3
am_cv_make_support_nested_variables=yes
am_cv_prog_cc_c_o=yes

## ----------------- ##
## Output variables. ##
## ----------------- ##

ACLOCAL='${SHELL} /root/whitebox_fuzzer/missing aclocal-1.14'
AMDEPBACKSLASH='\'
AMDEP_FALSE='#'
AMDEP_TRUE=''
AMTAR='$${TAR-tar}'
AM_BACKSLASH='\'
AM_DEFAULT_V='$(AM_DEFAULT_VERBOSITY)'
AM_DEFAULT_VERBOSITY='1'
AM_V='$(V)'
ARCH_X64='true'
ASMIR_DIR='/root/whitebox_fuzzer/libasmir'
AUTOCONF='${SHELL} /root/whitebox_fuzzer/missing autoconf'
AUTOHEADER='${SHELL} /root/whitebox_fuzzer/missing autoheader'
AUTOMAKE='${SHELL} /root/whitebox_fuzzer/missing automake-1.14'
AWK='mawk'
BAP_DIR='/root/whitebox_fuzzer'
BUILD_LIBTRACE32='true'
CAMLIDL='/root/.opam/3.12.1/bin/camlidl'
CAMLP4='/root/.opam/3.12.1/bin/camlp4'
CAMLP4O='/root/.opam/3.12.1/bin/camlp4o'
CAMLP4OF='/root/.opam/3.12.1/bin/camlp4of'
CAMLP4R='/root/.opam/3.12.1/bin/camlp4r'
CC='gcc'
CCDEPMODE='depmode=gcc3'
CFLAGS='-g -O2'
CPP='gcc -E'
CPPFLAGS=''
CXX='g++'
CXXDEPMODE='depmode=gcc3'
CXXFLAGS='-g -O2'
CYGPATH_W='echo'
DEFS='-DHAVE_CONFIG_H'
DEPDIR='.deps'
ECHO_C=''
ECHO_N='-n'
ECHO_T=''
EGREP='/bin/grep -E'
EXEEXT=''
GREP='/bin/grep'
HAVE_ETAGS_FALSE=''
HAVE_ETAGS_TRUE='#'
HAVE_LLVM_AC='no'
HAVE_PIN_FALSE='#'
HAVE_PIN_TRUE=''
INCDIRS=''
INSTALL_DATA='${INSTALL} -m 644'
INSTALL_PROGRAM='${INSTALL}'
INSTALL_SCRIPT='${INSTALL}'
INSTALL_STRIP_PROGRAM='$(install_sh) -c -s'
LDFLAGS=''
LIBOBJS=''
LIBS='-lz -lpcre -liberty -lbfd '
LLVM_PACKAGE=''
LLVM_PPFLAGS=''
LTLIBOBJS=''
MAKEINFO='${SHELL} /root/whitebox_fuzzer/missing makeinfo'
MKDIR_P='/bin/mkdir -p'
OBJEXT='o'
OCAMLC='/root/.opam/3.12.1/bin/ocamlc.opt'
OCAMLC_OPT='/root/.opam/3.12.1/bin/ocamlc.opt'
OCAMLDEP='/root/.opam/3.12.1/bin/ocamldep.opt'
OCAMLDEP_OPT='/root/.opam/3.12.1/bin/ocamldep.opt'
OCAMLDOC='/root/.opam/3.12.1/bin/ocamldoc.opt'
OCAMLDOC_OPT='/root/.opam/3.12.1/bin/ocamldoc.opt'
OCAMLFIND='/root/.opam/3.12.1/bin/ocamlfind'
OCAMLLEX='/root/.opam/3.12.1/bin/ocamllex.opt'
OCAMLLEX_OPT='/root/.opam/3.12.1/bin/ocamllex.opt'
OCAMLMKLIB='/root/.opam/3.12.1/bin/ocamlmklib'
OCAMLMKTOP='/root/.opam/3.12.1/bin/ocamlmktop'
OCAMLOPT='/root/.opam/3.12.1/bin/ocamlopt.opt'
OCAMLOPT_OPT='/root/.opam/3.12.1/bin/ocamlopt.opt'
OCAMLYACC='/root/.opam/3.12.1/bin/ocamlyacc'
PACKAGE='bap'
PACKAGE_BUGREPORT='bap-dev@lists.andrew.cmu.edu'
PACKAGE_NAME='Bap'
PACKAGE_STRING='Bap 0.8'
PACKAGE_TARNAME='bap'
PACKAGE_URL=''
PACKAGE_VERSION='0.8'
PATH_SEPARATOR=':'
PIN_ROOT='/root/whitebox_fuzzer/pin'
RANLIB='ranlib'
SET_MAKE=''
SHELL='/bin/bash'
STRIP=''
VERSION='0.8'
ac_ct_CC='gcc'
ac_ct_CXX='g++'
am__EXEEXT_FALSE=''
am__EXEEXT_TRUE='#'
am__fastdepCC_FALSE='#'
am__fastdepCC_TRUE=''
am__fastdepCXX_FALSE='#'
am__fastdepCXX_TRUE=''
am__include='include'
am__isrc=''
am__leading_dot='.'
am__nodep='_no'
am__quote=''
am__tar='$${TAR-tar} chof - "$$tardir"'
am__untar='$${TAR-tar} xf -'
bindir='${exec_prefix}/bin'
build='x86_64-unknown-linux-gnu'
build_alias=''
build_cpu='x86_64'
build_os='linux-gnu'
build_vendor='unknown'
datadir='${datarootdir}'
datarootdir='${prefix}/share'
docdir='${datarootdir}/doc/${PACKAGE_TARNAME}'
dvidir='${docdir}'
exec_prefix='${prefix}'
host='x86_64-unknown-linux-gnu'
host_alias=''
host_cpu='x86_64'
host_os='linux-gnu'
host_vendor='unknown'
htmldir='${docdir}'
includedir='${prefix}/include'
infodir='${datarootdir}/info'
install_sh='${SHELL} /root/whitebox_fuzzer/install-sh'
libdir='${exec_prefix}/lib'
libexecdir='${exec_prefix}/libexec'
localedir='${datarootdir}/locale'
localstatedir='${prefix}/var'
mandir='${datarootdir}/man'
mkdir_p='$(MKDIR_P)'
oldincludedir='/usr/include'
pdfdir='${docdir}'
prefix='/usr/local'
program_transform_name='s,x,x,'
psdir='${docdir}'
sbindir='${exec_prefix}/sbin'
sharedstatedir='${prefix}/com'
subdirs=' ocamlgraph'
sysconfdir='${prefix}/etc'
target_alias=''

## ----------- ##
## confdefs.h. ##
## ----------- ##

/* confdefs.h */
#define PACKAGE_NAME "Bap"
#define PACKAGE_TARNAME "bap"
#define PACKAGE_VERSION "0.8"
#define PACKAGE_STRING "Bap 0.8"
#define PACKAGE_BUGREPORT "bap-dev@lists.andrew.cmu.edu"
#define PACKAGE_URL ""
#define PACKAGE "bap"
#define VERSION "0.8"
#define HAVE_LIBBFD 1
#define HAVE_LIBIBERTY 1
#define HAVE_LIBPCRE 1
#define HAVE_LIBZ 1
#define STDC_HEADERS 1
#define HAVE_SYS_TYPES_H 1
#define HAVE_SYS_STAT_H 1
#define HAVE_STDLIB_H 1
#define HAVE_STRING_H 1
#define HAVE_MEMORY_H 1
#define HAVE_STRINGS_H 1
#define HAVE_INTTYPES_H 1
#define HAVE_STDINT_H 1
#define HAVE_UNISTD_H 1
#define HAVE_FCNTL_H 1
#define HAVE_STDINT_H 1
#define HAVE_STDLIB_H 1
#define HAVE_STRING_H 1
#define HAVE_UNISTD_H 1
#define HAVE__BOOL 1
#define HAVE_STDBOOL_H 1
#define SIZEOF_BFD_VMA 8
#define HAVE_STDLIB_H 1
#define HAVE_MALLOC 1
#define HAVE_BZERO 1
#define HAVE_MEMSET 1
#define HAVE_STRSTR 1
#define HAVE_STRTOUL 1

configure: exit 0
