This file contains any messages produced by compilers while
running configure, to aid debugging if configure makes a mistake.

It was created by libtrace configure 1.0, which was
generated by GNU Autoconf 2.69.  Invocation command line was

  $ ./configure --with-batteries=/root/whitebox_fuzzer/batteries/_build/src

## --------- ##
## Platform. ##
## --------- ##

hostname = 97b6babfe86c
uname -m = x86_64
uname -r = 3.19.0-25-generic
uname -s = Linux
uname -v = #26~14.04.1-Ubuntu SMP Fri Jul 24 21:16:20 UTC 2015

/usr/bin/uname -p = unknown
/bin/uname -X     = unknown

/bin/arch              = unknown
/usr/bin/arch -k       = unknown
/usr/convex/getsysinfo = unknown
/usr/bin/hostinfo      = unknown
/bin/machine           = unknown
/usr/bin/oslevel       = unknown
/bin/universe          = unknown

PATH: /root/.opam/3.12.1/bin
PATH: /usr/lib/jvm/jdk1.8.0_71/bin
PATH: /usr/local/sbin
PATH: /usr/local/bin
PATH: /usr/sbin
PATH: /usr/bin
PATH: /sbin
PATH: /bin


## ----------- ##
## Core tests. ##
## ----------- ##

configure:2376: checking for a BSD-compatible install
configure:2444: result: /usr/bin/install -c
configure:2455: checking whether build environment is sane
configure:2510: result: yes
configure:2661: checking for a thread-safe mkdir -p
configure:2700: result: /bin/mkdir -p
configure:2707: checking for gawk
configure:2737: result: no
configure:2707: checking for mawk
configure:2723: found /usr/bin/mawk
configure:2734: result: mawk
configure:2745: checking whether make sets $(MAKE)
configure:2767: result: yes
configure:2796: checking whether make supports nested variables
configure:2813: result: yes
configure:3003: checking for g++
configure:3019: found /usr/bin/g++
configure:3030: result: g++
configure:3057: checking for C++ compiler version
configure:3066: g++ --version >&5
g++ (Ubuntu 4.8.4-2ubuntu1~14.04) 4.8.4
Copyright (C) 2013 Free Software Foundation, Inc.
This is free software; see the source for copying conditions.  There is NO
warranty; not even for MERCHANTABILITY or FITNESS FOR A PARTICULAR PURPOSE.

configure:3077: $? = 0
configure:3066: g++ -v >&5
Using built-in specs.
COLLECT_GCC=g++
COLLECT_LTO_WRAPPER=/usr/lib/gcc/x86_64-linux-gnu/4.8/lto-wrapper
Target: x86_64-linux-gnu
Configured with: ../src/configure -v --with-pkgversion='Ubuntu 4.8.4-2ubuntu1~14.04' --with-bugurl=file:///usr/share/doc/gcc-4.8/README.Bugs --enable-languages=c,c++,java,go,d,fortran,objc,obj-c++ --prefix=/usr --program-suffix=-4.8 --enable-shared --enable-linker-build-id --libexecdir=/usr/lib --without-included-gettext --enable-threads=posix --with-gxx-include-dir=/usr/include/c++/4.8 --libdir=/usr/lib --enable-nls --with-sysroot=/ --enable-clocale=gnu --enable-libstdcxx-debug --enable-libstdcxx-time=yes --enable-gnu-unique-object --disable-libmudflap --enable-plugin --with-system-zlib --disable-browser-plugin --enable-java-awt=gtk --enable-gtk-cairo --with-java-home=/usr/lib/jvm/java-1.5.0-gcj-4.8-amd64/jre --enable-java-home --with-jvm-root-dir=/usr/lib/jvm/java-1.5.0-gcj-4.8-amd64 --with-jvm-jar-dir=/usr/lib/jvm-exports/java-1.5.0-gcj-4.8-amd64 --with-arch-directory=amd64 --with-ecj-jar=/usr/share/java/eclipse-ecj.jar --enable-objc-gc --enable-multiarch --disable-werror --with-arch-32=i686 --with-abi=m64 --with-multilib-list=m32,m64,mx32 --with-tune=generic --enable-checking=release --build=x86_64-linux-gnu --host=x86_64-linux-gnu --target=x86_64-linux-gnu
Thread model: posix
gcc version 4.8.4 (Ubuntu 4.8.4-2ubuntu1~14.04) 
configure:3077: $? = 0
configure:3066: g++ -V >&5
g++: error: unrecognized command line option '-V'
g++: fatal error: no input files
compilation terminated.
configure:3077: $? = 4
configure:3066: g++ -qversion >&5
g++: error: unrecognized command line option '-qversion'
g++: fatal error: no input files
compilation terminated.
configure:3077: $? = 4
configure:3097: checking whether the C++ compiler works
configure:3119: g++ -m32  -m32  -m32 conftest.cpp  >&5
configure:3123: $? = 0
configure:3171: result: yes
configure:3174: checking for C++ compiler default output file name
configure:3176: result: a.out
configure:3182: checking for suffix of executables
configure:3189: g++ -o conftest -m32  -m32  -m32 conftest.cpp  >&5
configure:3193: $? = 0
configure:3215: result: 
configure:3237: checking whether we are cross compiling
configure:3245: g++ -o conftest -m32  -m32  -m32 conftest.cpp  >&5
configure:3249: $? = 0
configure:3256: ./conftest
configure:3260: $? = 0
configure:3275: result: no
configure:3280: checking for suffix of object files
configure:3302: g++ -c -m32  -m32 conftest.cpp >&5
configure:3306: $? = 0
configure:3327: result: o
configure:3331: checking whether we are using the GNU C++ compiler
configure:3350: g++ -c -m32  -m32 conftest.cpp >&5
configure:3350: $? = 0
configure:3359: result: yes
configure:3368: checking whether g++ accepts -g
configure:3388: g++ -c -g  -m32 conftest.cpp >&5
configure:3388: $? = 0
configure:3429: result: yes
configure:3463: checking for style of include used by make
configure:3491: result: GNU
configure:3517: checking dependency style of g++
configure:3628: result: gcc3
configure:3691: checking for gcc
configure:3707: found /usr/bin/gcc
configure:3718: result: gcc
configure:3947: checking for C compiler version
configure:3956: gcc --version >&5
gcc (Ubuntu 4.8.4-2ubuntu1~14.04) 4.8.4
Copyright (C) 2013 Free Software Foundation, Inc.
This is free software; see the source for copying conditions.  There is NO
warranty; not even for MERCHANTABILITY or FITNESS FOR A PARTICULAR PURPOSE.

configure:3967: $? = 0
configure:3956: gcc -v >&5
Using built-in specs.
COLLECT_GCC=gcc
COLLECT_LTO_WRAPPER=/usr/lib/gcc/x86_64-linux-gnu/4.8/lto-wrapper
Target: x86_64-linux-gnu
Configured with: ../src/configure -v --with-pkgversion='Ubuntu 4.8.4-2ubuntu1~14.04' --with-bugurl=file:///usr/share/doc/gcc-4.8/README.Bugs --enable-languages=c,c++,java,go,d,fortran,objc,obj-c++ --prefix=/usr --program-suffix=-4.8 --enable-shared --enable-linker-build-id --libexecdir=/usr/lib --without-included-gettext --enable-threads=posix --with-gxx-include-dir=/usr/include/c++/4.8 --libdir=/usr/lib --enable-nls --with-sysroot=/ --enable-clocale=gnu --enable-libstdcxx-debug --enable-libstdcxx-time=yes --enable-gnu-unique-object --disable-libmudflap --enable-plugin --with-system-zlib --disable-browser-plugin --enable-java-awt=gtk --enable-gtk-cairo --with-java-home=/usr/lib/jvm/java-1.5.0-gcj-4.8-amd64/jre --enable-java-home --with-jvm-root-dir=/usr/lib/jvm/java-1.5.0-gcj-4.8-amd64 --with-jvm-jar-dir=/usr/lib/jvm-exports/java-1.5.0-gcj-4.8-amd64 --with-arch-directory=amd64 --with-ecj-jar=/usr/share/java/eclipse-ecj.jar --enable-objc-gc --enable-multiarch --disable-werror --with-arch-32=i686 --with-abi=m64 --with-multilib-list=m32,m64,mx32 --with-tune=generic --enable-checking=release --build=x86_64-linux-gnu --host=x86_64-linux-gnu --target=x86_64-linux-gnu
Thread model: posix
gcc version 4.8.4 (Ubuntu 4.8.4-2ubuntu1~14.04) 
configure:3967: $? = 0
configure:3956: gcc -V >&5
gcc: error: unrecognized command line option '-V'
gcc: fatal error: no input files
compilation terminated.
configure:3967: $? = 4
configure:3956: gcc -qversion >&5
gcc: error: unrecognized command line option '-qversion'
gcc: fatal error: no input files
compilation terminated.
configure:3967: $? = 4
configure:3971: checking whether we are using the GNU C compiler
configure:3990: gcc -c   -m32 conftest.c >&5
configure:3990: $? = 0
configure:3999: result: yes
configure:4008: checking whether gcc accepts -g
configure:4028: gcc -c -g  -m32 conftest.c >&5
configure:4028: $? = 0
configure:4069: result: yes
configure:4086: checking for gcc option to accept ISO C89
configure:4149: gcc  -c -g -O2  -m32 conftest.c >&5
configure:4149: $? = 0
configure:4162: result: none needed
configure:4187: checking whether gcc understands -c and -o together
configure:4209: gcc -c conftest.c -o conftest2.o
configure:4212: $? = 0
configure:4209: gcc -c conftest.c -o conftest2.o
configure:4212: $? = 0
configure:4224: result: yes
configure:4243: checking dependency style of gcc
configure:4354: result: gcc3
configure:4374: checking how to run the C preprocessor
configure:4405: gcc -E  -m32 conftest.c
configure:4405: $? = 0
configure:4419: gcc -E  -m32 conftest.c
conftest.c:11:28: fatal error: ac_nonexistent.h: No such file or directory
 #include <ac_nonexistent.h>
                            ^
compilation terminated.
configure:4419: $? = 1
configure: failed program was:
| /* confdefs.h */
| #define PACKAGE_NAME "libtrace"
| #define PACKAGE_TARNAME "libtrace"
| #define PACKAGE_VERSION "1.0"
| #define PACKAGE_STRING "libtrace 1.0"
| #define PACKAGE_BUGREPORT "bap-dev@lists.andrew.cmu.edu"
| #define PACKAGE_URL ""
| #define PACKAGE "libtrace"
| #define VERSION "1.0"
| /* end confdefs.h.  */
| #include <ac_nonexistent.h>
configure:4444: result: gcc -E
configure:4464: gcc -E  -m32 conftest.c
configure:4464: $? = 0
configure:4478: gcc -E  -m32 conftest.c
conftest.c:11:28: fatal error: ac_nonexistent.h: No such file or directory
 #include <ac_nonexistent.h>
                            ^
compilation terminated.
configure:4478: $? = 1
configure: failed program was:
| /* confdefs.h */
| #define PACKAGE_NAME "libtrace"
| #define PACKAGE_TARNAME "libtrace"
| #define PACKAGE_VERSION "1.0"
| #define PACKAGE_STRING "libtrace 1.0"
| #define PACKAGE_BUGREPORT "bap-dev@lists.andrew.cmu.edu"
| #define PACKAGE_URL ""
| #define PACKAGE "libtrace"
| #define VERSION "1.0"
| /* end confdefs.h.  */
| #include <ac_nonexistent.h>
configure:4549: checking for ranlib
configure:4565: found /usr/bin/ranlib
configure:4576: result: ranlib
configure:4642: checking for ocamlc
configure:4658: found /root/.opam/3.12.1/bin/ocamlc
configure:4669: result: ocamlc
configure:4694: result: OCaml version is 3.12.1
configure:4703: result: OCaml library path is /root/.opam/3.12.1/lib/ocaml
configure:4753: checking for ocamlopt
configure:4769: found /root/.opam/3.12.1/bin/ocamlopt
configure:4780: result: ocamlopt
configure:4863: checking for ocamlc.opt
configure:4879: found /root/.opam/3.12.1/bin/ocamlc.opt
configure:4890: result: ocamlc.opt
configure:4967: checking for ocamlopt.opt
configure:4983: found /root/.opam/3.12.1/bin/ocamlopt.opt
configure:4994: result: ocamlopt.opt
configure:5076: checking for ocaml
configure:5092: found /root/.opam/3.12.1/bin/ocaml
configure:5103: result: ocaml
configure:5170: checking for ocamldep
configure:5186: found /root/.opam/3.12.1/bin/ocamldep
configure:5197: result: ocamldep
configure:5264: checking for ocamlmktop
configure:5280: found /root/.opam/3.12.1/bin/ocamlmktop
configure:5291: result: ocamlmktop
configure:5358: checking for ocamlmklib
configure:5374: found /root/.opam/3.12.1/bin/ocamlmklib
configure:5385: result: ocamlmklib
configure:5452: checking for ocamldoc
configure:5468: found /root/.opam/3.12.1/bin/ocamldoc
configure:5479: result: ocamldoc
configure:5546: checking for ocamlbuild
configure:5562: found /root/.opam/3.12.1/bin/ocamlbuild
configure:5573: result: ocamlbuild
configure:5600: checking for main in -lpthread
configure:5619: gcc -o conftest -g -O2  -m32  -m32 conftest.c -lpthread   >&5
configure:5619: $? = 0
configure:5628: result: yes
configure:5648: checking for OCaml module batteries
configure:5663: result: /root/whitebox_fuzzer/batteries/_build/src
configure:5690: checking for grep that handles long lines and -e
configure:5748: result: /bin/grep
configure:5753: checking for egrep
configure:5815: result: /bin/grep -E
configure:5820: checking for ANSI C header files
configure:5840: gcc -c -g -O2  -m32 conftest.c >&5
configure:5840: $? = 0
configure:5913: gcc -o conftest -g -O2  -m32  -m32 conftest.c -lpthread  >&5
configure:5913: $? = 0
configure:5913: ./conftest
configure:5913: $? = 0
configure:5924: result: yes
configure:5937: checking for sys/types.h
configure:5937: gcc -c -g -O2  -m32 conftest.c >&5
configure:5937: $? = 0
configure:5937: result: yes
configure:5937: checking for sys/stat.h
configure:5937: gcc -c -g -O2  -m32 conftest.c >&5
configure:5937: $? = 0
configure:5937: result: yes
configure:5937: checking for stdlib.h
configure:5937: gcc -c -g -O2  -m32 conftest.c >&5
configure:5937: $? = 0
configure:5937: result: yes
configure:5937: checking for string.h
configure:5937: gcc -c -g -O2  -m32 conftest.c >&5
configure:5937: $? = 0
configure:5937: result: yes
configure:5937: checking for memory.h
configure:5937: gcc -c -g -O2  -m32 conftest.c >&5
configure:5937: $? = 0
configure:5937: result: yes
configure:5937: checking for strings.h
configure:5937: gcc -c -g -O2  -m32 conftest.c >&5
configure:5937: $? = 0
configure:5937: result: yes
configure:5937: checking for inttypes.h
configure:5937: gcc -c -g -O2  -m32 conftest.c >&5
configure:5937: $? = 0
configure:5937: result: yes
configure:5937: checking for stdint.h
configure:5937: gcc -c -g -O2  -m32 conftest.c >&5
configure:5937: $? = 0
configure:5937: result: yes
configure:5937: checking for unistd.h
configure:5937: gcc -c -g -O2  -m32 conftest.c >&5
configure:5937: $? = 0
configure:5937: result: yes
configure:5951: checking for stdint.h
configure:5951: result: yes
configure:5963: checking for stdbool.h that conforms to C99
configure:6030: gcc -c -g -O2  -m32 conftest.c >&5
configure:6030: $? = 0
configure:6037: result: yes
configure:6039: checking for _Bool
configure:6039: gcc -c -g -O2  -m32 conftest.c >&5
configure:6039: $? = 0
configure:6039: gcc -c -g -O2  -m32 conftest.c >&5
conftest.c: In function 'main':
conftest.c:59:20: error: expected expression before ')' token
 if (sizeof ((_Bool)))
                    ^
configure:6039: $? = 1
configure: failed program was:
| /* confdefs.h */
| #define PACKAGE_NAME "libtrace"
| #define PACKAGE_TARNAME "libtrace"
| #define PACKAGE_VERSION "1.0"
| #define PACKAGE_STRING "libtrace 1.0"
| #define PACKAGE_BUGREPORT "bap-dev@lists.andrew.cmu.edu"
| #define PACKAGE_URL ""
| #define PACKAGE "libtrace"
| #define VERSION "1.0"
| #define HAVE_LIBPTHREAD 1
| #define STDC_HEADERS 1
| #define HAVE_SYS_TYPES_H 1
| #define HAVE_SYS_STAT_H 1
| #define HAVE_STDLIB_H 1
| #define HAVE_STRING_H 1
| #define HAVE_MEMORY_H 1
| #define HAVE_STRINGS_H 1
| #define HAVE_INTTYPES_H 1
| #define HAVE_STDINT_H 1
| #define HAVE_UNISTD_H 1
| #define HAVE_STDINT_H 1
| /* end confdefs.h.  */
| #include <stdio.h>
| #ifdef HAVE_SYS_TYPES_H
| # include <sys/types.h>
| #endif
| #ifdef HAVE_SYS_STAT_H
| # include <sys/stat.h>
| #endif
| #ifdef STDC_HEADERS
| # include <stdlib.h>
| # include <stddef.h>
| #else
| # ifdef HAVE_STDLIB_H
| #  include <stdlib.h>
| # endif
| #endif
| #ifdef HAVE_STRING_H
| # if !defined STDC_HEADERS && defined HAVE_MEMORY_H
| #  include <memory.h>
| # endif
| # include <string.h>
| #endif
| #ifdef HAVE_STRINGS_H
| # include <strings.h>
| #endif
| #ifdef HAVE_INTTYPES_H
| # include <inttypes.h>
| #endif
| #ifdef HAVE_STDINT_H
| # include <stdint.h>
| #endif
| #ifdef HAVE_UNISTD_H
| # include <unistd.h>
| #endif
| int
| main ()
| {
| if (sizeof ((_Bool)))
| 	    return 0;
|   ;
|   return 0;
| }
configure:6039: result: yes
configure:6056: checking for inline
configure:6072: gcc -c -g -O2  -m32 conftest.c >&5
configure:6072: $? = 0
configure:6080: result: inline
configure:6098: checking for size_t
configure:6098: gcc -c -g -O2  -m32 conftest.c >&5
configure:6098: $? = 0
configure:6098: gcc -c -g -O2  -m32 conftest.c >&5
conftest.c: In function 'main':
conftest.c:61:21: error: expected expression before ')' token
 if (sizeof ((size_t)))
                     ^
configure:6098: $? = 1
configure: failed program was:
| /* confdefs.h */
| #define PACKAGE_NAME "libtrace"
| #define PACKAGE_TARNAME "libtrace"
| #define PACKAGE_VERSION "1.0"
| #define PACKAGE_STRING "libtrace 1.0"
| #define PACKAGE_BUGREPORT "bap-dev@lists.andrew.cmu.edu"
| #define PACKAGE_URL ""
| #define PACKAGE "libtrace"
| #define VERSION "1.0"
| #define HAVE_LIBPTHREAD 1
| #define STDC_HEADERS 1
| #define HAVE_SYS_TYPES_H 1
| #define HAVE_SYS_STAT_H 1
| #define HAVE_STDLIB_H 1
| #define HAVE_STRING_H 1
| #define HAVE_MEMORY_H 1
| #define HAVE_STRINGS_H 1
| #define HAVE_INTTYPES_H 1
| #define HAVE_STDINT_H 1
| #define HAVE_UNISTD_H 1
| #define HAVE_STDINT_H 1
| #define HAVE__BOOL 1
| #define HAVE_STDBOOL_H 1
| /* end confdefs.h.  */
| #include <stdio.h>
| #ifdef HAVE_SYS_TYPES_H
| # include <sys/types.h>
| #endif
| #ifdef HAVE_SYS_STAT_H
| # include <sys/stat.h>
| #endif
| #ifdef STDC_HEADERS
| # include <stdlib.h>
| # include <stddef.h>
| #else
| # ifdef HAVE_STDLIB_H
| #  include <stdlib.h>
| # endif
| #endif
| #ifdef HAVE_STRING_H
| # if !defined STDC_HEADERS && defined HAVE_MEMORY_H
| #  include <memory.h>
| # endif
| # include <string.h>
| #endif
| #ifdef HAVE_STRINGS_H
| # include <strings.h>
| #endif
| #ifdef HAVE_INTTYPES_H
| # include <inttypes.h>
| #endif
| #ifdef HAVE_STDINT_H
| # include <stdint.h>
| #endif
| #ifdef HAVE_UNISTD_H
| # include <unistd.h>
| #endif
| int
| main ()
| {
| if (sizeof ((size_t)))
| 	    return 0;
|   ;
|   return 0;
| }
configure:6098: result: yes
configure:6109: checking for uint64_t
configure:6109: gcc -c -g -O2  -m32 conftest.c >&5
configure:6109: $? = 0
configure:6109: result: yes
configure:6130: checking for special C compiler options needed for large files
configure:6175: result: no
configure:6181: checking for _FILE_OFFSET_BITS value needed for large files
configure:6206: gcc -c -g -O2  -m32 conftest.c >&5
conftest.c:31:7: error: size of array 'off_t_is_large' is negative
   int off_t_is_large[(LARGE_OFF_T % 2147483629 == 721
       ^
configure:6206: $? = 1
configure: failed program was:
| /* confdefs.h */
| #define PACKAGE_NAME "libtrace"
| #define PACKAGE_TARNAME "libtrace"
| #define PACKAGE_VERSION "1.0"
| #define PACKAGE_STRING "libtrace 1.0"
| #define PACKAGE_BUGREPORT "bap-dev@lists.andrew.cmu.edu"
| #define PACKAGE_URL ""
| #define PACKAGE "libtrace"
| #define VERSION "1.0"
| #define HAVE_LIBPTHREAD 1
| #define STDC_HEADERS 1
| #define HAVE_SYS_TYPES_H 1
| #define HAVE_SYS_STAT_H 1
| #define HAVE_STDLIB_H 1
| #define HAVE_STRING_H 1
| #define HAVE_MEMORY_H 1
| #define HAVE_STRINGS_H 1
| #define HAVE_INTTYPES_H 1
| #define HAVE_STDINT_H 1
| #define HAVE_UNISTD_H 1
| #define HAVE_STDINT_H 1
| #define HAVE__BOOL 1
| #define HAVE_STDBOOL_H 1
| /* end confdefs.h.  */
| #include <sys/types.h>
|  /* Check that off_t can represent 2**63 - 1 correctly.
|     We can't simply define LARGE_OFF_T to be 9223372036854775807,
|     since some C++ compilers masquerading as C compilers
|     incorrectly reject 9223372036854775807.  */
| #define LARGE_OFF_T ((((off_t) 1 << 31) << 31) - 1 + (((off_t) 1 << 31) << 31))
|   int off_t_is_large[(LARGE_OFF_T % 2147483629 == 721
| 		       && LARGE_OFF_T % 2147483647 == 1)
| 		      ? 1 : -1];
| int
| main ()
| {
| 
|   ;
|   return 0;
| }
configure:6230: gcc -c -g -O2  -m32 conftest.c >&5
configure:6230: $? = 0
configure:6238: result: 64
configure:6323: checking for _LARGEFILE_SOURCE value needed for large files
configure:6342: gcc -o conftest -g -O2  -m32  -m32 conftest.c -lpthread  >&5
configure:6342: $? = 0
configure:6370: result: no
configure:6395: checking for memset
configure:6395: gcc -o conftest -g -O2  -m32  -m32 conftest.c -lpthread  >&5
conftest.c:50:6: warning: conflicting types for built-in function 'memset' [enabled by default]
 char memset ();
      ^
configure:6395: $? = 0
configure:6395: result: yes
configure:6516: checking that generated files are newer than configure
configure:6522: result: done
configure:6549: creating ./config.status

## ---------------------- ##
## Running config.status. ##
## ---------------------- ##

This file was extended by libtrace config.status 1.0, which was
generated by GNU Autoconf 2.69.  Invocation command line was

  CONFIG_FILES    = 
  CONFIG_HEADERS  = 
  CONFIG_LINKS    = 
  CONFIG_COMMANDS = 
  $ ./config.status 

on 97b6babfe86c

config.status:888: creating Makefile
config.status:888: creating src/Makefile
config.status:888: creating src/cpp/Makefile
config.status:888: creating src/cpp/utils/Makefile
config.status:888: creating src/ocaml/Makefile
config.status:888: creating src/ocaml/utils/Makefile
config.status:888: creating src/cpp/config.h
config.status:1069: src/cpp/config.h is unchanged
config.status:1117: executing depfiles commands

## ---------------- ##
## Cache variables. ##
## ---------------- ##

ac_cv_c_compiler_gnu=yes
ac_cv_c_inline=inline
ac_cv_c_uint64_t=yes
ac_cv_cxx_compiler_gnu=yes
ac_cv_env_CCC_set=
ac_cv_env_CCC_value=
ac_cv_env_CC_set=
ac_cv_env_CC_value=
ac_cv_env_CFLAGS_set=
ac_cv_env_CFLAGS_value=
ac_cv_env_CPPFLAGS_set=set
ac_cv_env_CPPFLAGS_value=' -m32'
ac_cv_env_CPP_set=
ac_cv_env_CPP_value=
ac_cv_env_CXXFLAGS_set=set
ac_cv_env_CXXFLAGS_value=-m32
ac_cv_env_CXX_set=
ac_cv_env_CXX_value=
ac_cv_env_LDFLAGS_set=set
ac_cv_env_LDFLAGS_value=' -m32'
ac_cv_env_LIBS_set=
ac_cv_env_LIBS_value=
ac_cv_env_build_alias_set=
ac_cv_env_build_alias_value=
ac_cv_env_host_alias_set=
ac_cv_env_host_alias_value=
ac_cv_env_target_alias_set=
ac_cv_env_target_alias_value=
ac_cv_func_memset=yes
ac_cv_header_inttypes_h=yes
ac_cv_header_memory_h=yes
ac_cv_header_stdbool_h=yes
ac_cv_header_stdc=yes
ac_cv_header_stdint_h=yes
ac_cv_header_stdlib_h=yes
ac_cv_header_string_h=yes
ac_cv_header_strings_h=yes
ac_cv_header_sys_stat_h=yes
ac_cv_header_sys_types_h=yes
ac_cv_header_unistd_h=yes
ac_cv_lib_pthread_main=yes
ac_cv_objext=o
ac_cv_path_EGREP='/bin/grep -E'
ac_cv_path_GREP=/bin/grep
ac_cv_path_install='/usr/bin/install -c'
ac_cv_path_mkdir=/bin/mkdir
ac_cv_prog_AWK=mawk
ac_cv_prog_CPP='gcc -E'
ac_cv_prog_ac_ct_CC=gcc
ac_cv_prog_ac_ct_CXX=g++
ac_cv_prog_ac_ct_OCAML=ocaml
ac_cv_prog_ac_ct_OCAMLBUILD=ocamlbuild
ac_cv_prog_ac_ct_OCAMLC=ocamlc
ac_cv_prog_ac_ct_OCAMLCDOTOPT=ocamlc.opt
ac_cv_prog_ac_ct_OCAMLDEP=ocamldep
ac_cv_prog_ac_ct_OCAMLDOC=ocamldoc
ac_cv_prog_ac_ct_OCAMLMKLIB=ocamlmklib
ac_cv_prog_ac_ct_OCAMLMKTOP=ocamlmktop
ac_cv_prog_ac_ct_OCAMLOPT=ocamlopt
ac_cv_prog_ac_ct_OCAMLOPTDOTOPT=ocamlopt.opt
ac_cv_prog_ac_ct_RANLIB=ranlib
ac_cv_prog_cc_c89=
ac_cv_prog_cc_g=yes
ac_cv_prog_cxx_g=yes
ac_cv_prog_make_make_set=yes
ac_cv_sys_file_offset_bits=64
ac_cv_sys_largefile_CC=no
ac_cv_sys_largefile_source=no
ac_cv_type__Bool=yes
ac_cv_type_size_t=yes
am_cv_CC_dependencies_compiler_type=gcc3
am_cv_CXX_dependencies_compiler_type=gcc3
am_cv_make_support_nested_variables=yes
am_cv_prog_cc_c_o=yes

## ----------------- ##
## Output variables. ##
## ----------------- ##

ACLOCAL='${SHELL} /root/whitebox_fuzzer/missing aclocal-1.14'
AMDEPBACKSLASH='\'
AMDEP_FALSE='#'
AMDEP_TRUE=''
AMTAR='$${TAR-tar}'
AM_BACKSLASH='\'
AM_DEFAULT_V='$(AM_DEFAULT_VERBOSITY)'
AM_DEFAULT_VERBOSITY='1'
AM_V='$(V)'
AUTOCONF='${SHELL} /root/whitebox_fuzzer/missing autoconf'
AUTOHEADER='${SHELL} /root/whitebox_fuzzer/missing autoheader'
AUTOMAKE='${SHELL} /root/whitebox_fuzzer/missing automake-1.14'
AWK='mawk'
BAT_DIR='/root/whitebox_fuzzer/batteries/_build/src'
CC='gcc'
CCDEPMODE='depmode=gcc3'
CFLAGS='-g -O2'
CPP='gcc -E'
CPPFLAGS=' -m32'
CXX='g++'
CXXDEPMODE='depmode=gcc3'
CXXFLAGS='-m32'
CYGPATH_W='echo'
DEFS='-DHAVE_CONFIG_H'
DEPDIR='.deps'
ECHO_C=''
ECHO_N='-n'
ECHO_T=''
EGREP='/bin/grep -E'
EXEEXT=''
GREP='/bin/grep'
INCDIRS=''
INSTALL_DATA='${INSTALL} -m 644'
INSTALL_PROGRAM='${INSTALL}'
INSTALL_SCRIPT='${INSTALL}'
INSTALL_STRIP_PROGRAM='$(install_sh) -c -s'
LDFLAGS=' -m32'
LIBOBJS=''
LIBS='-lpthread '
LIBTRACE_DIR='/root/whitebox_fuzzer/libtracewrap/libtrace32'
LTLIBOBJS=''
MAKEINFO='${SHELL} /root/whitebox_fuzzer/missing makeinfo'
MKDIR_P='/bin/mkdir -p'
OBJEXT='o'
OCAML='ocaml'
OCAMLBEST='opt'
OCAMLBUILD='ocamlbuild'
OCAMLC='ocamlc.opt'
OCAMLCDOTOPT='ocamlc.opt'
OCAMLDEP='ocamldep'
OCAMLDOC='ocamldoc'
OCAMLLIB='/root/.opam/3.12.1/lib/ocaml'
OCAMLMKLIB='ocamlmklib'
OCAMLMKTOP='ocamlmktop'
OCAMLOPT='ocamlopt.opt'
OCAMLOPTDOTOPT='ocamlopt.opt'
OCAMLVERSION='3.12.1'
PACKAGE='libtrace'
PACKAGE_BUGREPORT='bap-dev@lists.andrew.cmu.edu'
PACKAGE_NAME='libtrace'
PACKAGE_STRING='libtrace 1.0'
PACKAGE_TARNAME='libtrace'
PACKAGE_URL=''
PACKAGE_VERSION='1.0'
PATH_SEPARATOR=':'
RANLIB='ranlib'
SET_MAKE=''
SHELL='/bin/bash'
STRIP=''
VERSION='1.0'
ac_ct_CC='gcc'
ac_ct_CXX='g++'
am__EXEEXT_FALSE=''
am__EXEEXT_TRUE='#'
am__fastdepCC_FALSE='#'
am__fastdepCC_TRUE=''
am__fastdepCXX_FALSE='#'
am__fastdepCXX_TRUE=''
am__include='include'
am__isrc=''
am__leading_dot='.'
am__nodep='_no'
am__quote=''
am__tar='$${TAR-tar} chof - "$$tardir"'
am__untar='$${TAR-tar} xf -'
bindir='${exec_prefix}/bin'
build_alias=''
datadir='${datarootdir}'
datarootdir='${prefix}/share'
docdir='${datarootdir}/doc/${PACKAGE_TARNAME}'
dvidir='${docdir}'
exec_prefix='${prefix}'
has_batteries='/root/whitebox_fuzzer/batteries/_build/src'
host_alias=''
htmldir='${docdir}'
includedir='${prefix}/include'
infodir='${datarootdir}/info'
install_sh='${SHELL} /root/whitebox_fuzzer/install-sh'
libdir='${exec_prefix}/lib'
libexecdir='${exec_prefix}/libexec'
localedir='${datarootdir}/locale'
localstatedir='${prefix}/var'
mandir='${datarootdir}/man'
mkdir_p='$(MKDIR_P)'
oldincludedir='/usr/include'
pdfdir='${docdir}'
prefix='/usr/local'
program_transform_name='s,x,x,'
psdir='${docdir}'
sbindir='${exec_prefix}/sbin'
sharedstatedir='${prefix}/com'
sysconfdir='${prefix}/etc'
target_alias=''

## ----------- ##
## confdefs.h. ##
## ----------- ##

/* confdefs.h */
#define PACKAGE_NAME "libtrace"
#define PACKAGE_TARNAME "libtrace"
#define PACKAGE_VERSION "1.0"
#define PACKAGE_STRING "libtrace 1.0"
#define PACKAGE_BUGREPORT "bap-dev@lists.andrew.cmu.edu"
#define PACKAGE_URL ""
#define PACKAGE "libtrace"
#define VERSION "1.0"
#define HAVE_LIBPTHREAD 1
#define STDC_HEADERS 1
#define HAVE_SYS_TYPES_H 1
#define HAVE_SYS_STAT_H 1
#define HAVE_STDLIB_H 1
#define HAVE_STRING_H 1
#define HAVE_MEMORY_H 1
#define HAVE_STRINGS_H 1
#define HAVE_INTTYPES_H 1
#define HAVE_STDINT_H 1
#define HAVE_UNISTD_H 1
#define HAVE_STDINT_H 1
#define HAVE__BOOL 1
#define HAVE_STDBOOL_H 1
#define _FILE_OFFSET_BITS 64
#define HAVE_FSEEKO 1
#define HAVE_MEMSET 1

configure: exit 0
