This file contains any messages produced by compilers while
running configure, to aid debugging if configure makes a mistake.

It was created by Protocol Buffers configure 2.5.0, which was
generated by GNU Autoconf 2.69.  Invocation command line was

  $ ./configure 

## --------- ##
## Platform. ##
## --------- ##

hostname = 97b6babfe86c
uname -m = x86_64
uname -r = 3.19.0-25-generic
uname -s = Linux
uname -v = #26~14.04.1-Ubuntu SMP Fri Jul 24 21:16:20 UTC 2015

/usr/bin/uname -p = unknown
/bin/uname -X     = unknown

/bin/arch              = unknown
/usr/bin/arch -k       = unknown
/usr/convex/getsysinfo = unknown
/usr/bin/hostinfo      = unknown
/bin/machine           = unknown
/usr/bin/oslevel       = unknown
/bin/universe          = unknown

PATH: /root/.opam/3.12.1/bin
PATH: /usr/lib/jvm/jdk1.8.0_71/bin
PATH: /usr/local/sbin
PATH: /usr/local/bin
PATH: /usr/sbin
PATH: /usr/bin
PATH: /sbin
PATH: /bin


## ----------- ##
## Core tests. ##
## ----------- ##

configure:2483: checking whether to enable maintainer-specific portions of Makefiles
configure:2492: result: yes
configure:2553: checking build system type
configure:2567: result: x86_64-unknown-linux-gnu
configure:2587: checking host system type
configure:2600: result: x86_64-unknown-linux-gnu
configure:2620: checking target system type
configure:2633: result: x86_64-unknown-linux-gnu
configure:2676: checking for a BSD-compatible install
configure:2744: result: /usr/bin/install -c
configure:2755: checking whether build environment is sane
configure:2810: result: yes
configure:2961: checking for a thread-safe mkdir -p
configure:3000: result: /bin/mkdir -p
configure:3007: checking for gawk
configure:3037: result: no
configure:3007: checking for mawk
configure:3023: found /usr/bin/mawk
configure:3034: result: mawk
configure:3045: checking whether make sets $(MAKE)
configure:3067: result: yes
configure:3096: checking whether make supports nested variables
configure:3113: result: yes
configure:3306: checking for gcc
configure:3322: found /usr/bin/gcc
configure:3333: result: gcc
configure:3562: checking for C compiler version
configure:3571: gcc --version >&5
gcc (Ubuntu 4.8.4-2ubuntu1~14.04) 4.8.4
Copyright (C) 2013 Free Software Foundation, Inc.
This is free software; see the source for copying conditions.  There is NO
warranty; not even for MERCHANTABILITY or FITNESS FOR A PARTICULAR PURPOSE.

configure:3582: $? = 0
configure:3571: gcc -v >&5
Using built-in specs.
COLLECT_GCC=gcc
COLLECT_LTO_WRAPPER=/usr/lib/gcc/x86_64-linux-gnu/4.8/lto-wrapper
Target: x86_64-linux-gnu
Configured with: ../src/configure -v --with-pkgversion='Ubuntu 4.8.4-2ubuntu1~14.04' --with-bugurl=file:///usr/share/doc/gcc-4.8/README.Bugs --enable-languages=c,c++,java,go,d,fortran,objc,obj-c++ --prefix=/usr --program-suffix=-4.8 --enable-shared --enable-linker-build-id --libexecdir=/usr/lib --without-included-gettext --enable-threads=posix --with-gxx-include-dir=/usr/include/c++/4.8 --libdir=/usr/lib --enable-nls --with-sysroot=/ --enable-clocale=gnu --enable-libstdcxx-debug --enable-libstdcxx-time=yes --enable-gnu-unique-object --disable-libmudflap --enable-plugin --with-system-zlib --disable-browser-plugin --enable-java-awt=gtk --enable-gtk-cairo --with-java-home=/usr/lib/jvm/java-1.5.0-gcj-4.8-amd64/jre --enable-java-home --with-jvm-root-dir=/usr/lib/jvm/java-1.5.0-gcj-4.8-amd64 --with-jvm-jar-dir=/usr/lib/jvm-exports/java-1.5.0-gcj-4.8-amd64 --with-arch-directory=amd64 --with-ecj-jar=/usr/share/java/eclipse-ecj.jar --enable-objc-gc --enable-multiarch --disable-werror --with-arch-32=i686 --with-abi=m64 --with-multilib-list=m32,m64,mx32 --with-tune=generic --enable-checking=release --build=x86_64-linux-gnu --host=x86_64-linux-gnu --target=x86_64-linux-gnu
Thread model: posix
gcc version 4.8.4 (Ubuntu 4.8.4-2ubuntu1~14.04) 
configure:3582: $? = 0
configure:3571: gcc -V >&5
gcc: error: unrecognized command line option '-V'
gcc: fatal error: no input files
compilation terminated.
configure:3582: $? = 4
configure:3571: gcc -qversion >&5
gcc: error: unrecognized command line option '-qversion'
gcc: fatal error: no input files
compilation terminated.
configure:3582: $? = 4
configure:3602: checking whether the C compiler works
configure:3624: gcc   -m32  -m32 conftest.c  >&5
configure:3628: $? = 0
configure:3676: result: yes
configure:3679: checking for C compiler default output file name
configure:3681: result: a.out
configure:3687: checking for suffix of executables
configure:3694: gcc -o conftest   -m32  -m32 conftest.c  >&5
configure:3698: $? = 0
configure:3720: result: 
configure:3742: checking whether we are cross compiling
configure:3750: gcc -o conftest   -m32  -m32 conftest.c  >&5
configure:3754: $? = 0
configure:3761: ./conftest
configure:3765: $? = 0
configure:3780: result: no
configure:3785: checking for suffix of object files
configure:3807: gcc -c   -m32 conftest.c >&5
configure:3811: $? = 0
configure:3832: result: o
configure:3836: checking whether we are using the GNU C compiler
configure:3855: gcc -c   -m32 conftest.c >&5
configure:3855: $? = 0
configure:3864: result: yes
configure:3873: checking whether gcc accepts -g
configure:3893: gcc -c -g  -m32 conftest.c >&5
configure:3893: $? = 0
configure:3934: result: yes
configure:3951: checking for gcc option to accept ISO C89
configure:4014: gcc  -c   -m32 conftest.c >&5
configure:4014: $? = 0
configure:4027: result: none needed
configure:4052: checking whether gcc understands -c and -o together
configure:4074: gcc -c conftest.c -o conftest2.o
configure:4077: $? = 0
configure:4074: gcc -c conftest.c -o conftest2.o
configure:4077: $? = 0
configure:4089: result: yes
configure:4117: checking for style of include used by make
configure:4145: result: GNU
configure:4171: checking dependency style of gcc
configure:4282: result: gcc3
configure:4355: checking for g++
configure:4371: found /usr/bin/g++
configure:4382: result: g++
configure:4409: checking for C++ compiler version
configure:4418: g++ --version >&5
g++ (Ubuntu 4.8.4-2ubuntu1~14.04) 4.8.4
Copyright (C) 2013 Free Software Foundation, Inc.
This is free software; see the source for copying conditions.  There is NO
warranty; not even for MERCHANTABILITY or FITNESS FOR A PARTICULAR PURPOSE.

configure:4429: $? = 0
configure:4418: g++ -v >&5
Using built-in specs.
COLLECT_GCC=g++
COLLECT_LTO_WRAPPER=/usr/lib/gcc/x86_64-linux-gnu/4.8/lto-wrapper
Target: x86_64-linux-gnu
Configured with: ../src/configure -v --with-pkgversion='Ubuntu 4.8.4-2ubuntu1~14.04' --with-bugurl=file:///usr/share/doc/gcc-4.8/README.Bugs --enable-languages=c,c++,java,go,d,fortran,objc,obj-c++ --prefix=/usr --program-suffix=-4.8 --enable-shared --enable-linker-build-id --libexecdir=/usr/lib --without-included-gettext --enable-threads=posix --with-gxx-include-dir=/usr/include/c++/4.8 --libdir=/usr/lib --enable-nls --with-sysroot=/ --enable-clocale=gnu --enable-libstdcxx-debug --enable-libstdcxx-time=yes --enable-gnu-unique-object --disable-libmudflap --enable-plugin --with-system-zlib --disable-browser-plugin --enable-java-awt=gtk --enable-gtk-cairo --with-java-home=/usr/lib/jvm/java-1.5.0-gcj-4.8-amd64/jre --enable-java-home --with-jvm-root-dir=/usr/lib/jvm/java-1.5.0-gcj-4.8-amd64 --with-jvm-jar-dir=/usr/lib/jvm-exports/java-1.5.0-gcj-4.8-amd64 --with-arch-directory=amd64 --with-ecj-jar=/usr/share/java/eclipse-ecj.jar --enable-objc-gc --enable-multiarch --disable-werror --with-arch-32=i686 --with-abi=m64 --with-multilib-list=m32,m64,mx32 --with-tune=generic --enable-checking=release --build=x86_64-linux-gnu --host=x86_64-linux-gnu --target=x86_64-linux-gnu
Thread model: posix
gcc version 4.8.4 (Ubuntu 4.8.4-2ubuntu1~14.04) 
configure:4429: $? = 0
configure:4418: g++ -V >&5
g++: error: unrecognized command line option '-V'
g++: fatal error: no input files
compilation terminated.
configure:4429: $? = 4
configure:4418: g++ -qversion >&5
g++: error: unrecognized command line option '-qversion'
g++: fatal error: no input files
compilation terminated.
configure:4429: $? = 4
configure:4433: checking whether we are using the GNU C++ compiler
configure:4452: g++ -c -m32  -m32 conftest.cpp >&5
configure:4452: $? = 0
configure:4461: result: yes
configure:4470: checking whether g++ accepts -g
configure:4490: g++ -c -g  -m32 conftest.cpp >&5
configure:4490: $? = 0
configure:4531: result: yes
configure:4556: checking dependency style of g++
configure:4667: result: gcc3
configure:4694: checking how to run the C++ preprocessor
configure:4721: g++ -E  -m32 conftest.cpp
configure:4721: $? = 0
configure:4735: g++ -E  -m32 conftest.cpp
conftest.cpp:11:28: fatal error: ac_nonexistent.h: No such file or directory
 #include <ac_nonexistent.h>
                            ^
compilation terminated.
configure:4735: $? = 1
configure: failed program was:
| /* confdefs.h */
| #define PACKAGE_NAME "Protocol Buffers"
| #define PACKAGE_TARNAME "protobuf"
| #define PACKAGE_VERSION "2.5.0"
| #define PACKAGE_STRING "Protocol Buffers 2.5.0"
| #define PACKAGE_BUGREPORT "protobuf@googlegroups.com"
| #define PACKAGE_URL ""
| #define PACKAGE "protobuf"
| #define VERSION "2.5.0"
| /* end confdefs.h.  */
| #include <ac_nonexistent.h>
configure:4760: result: g++ -E
configure:4780: g++ -E  -m32 conftest.cpp
configure:4780: $? = 0
configure:4794: g++ -E  -m32 conftest.cpp
conftest.cpp:11:28: fatal error: ac_nonexistent.h: No such file or directory
 #include <ac_nonexistent.h>
                            ^
compilation terminated.
configure:4794: $? = 1
configure: failed program was:
| /* confdefs.h */
| #define PACKAGE_NAME "Protocol Buffers"
| #define PACKAGE_TARNAME "protobuf"
| #define PACKAGE_VERSION "2.5.0"
| #define PACKAGE_STRING "Protocol Buffers 2.5.0"
| #define PACKAGE_BUGREPORT "protobuf@googlegroups.com"
| #define PACKAGE_URL ""
| #define PACKAGE "protobuf"
| #define VERSION "2.5.0"
| /* end confdefs.h.  */
| #include <ac_nonexistent.h>
configure:4823: checking for grep that handles long lines and -e
configure:4881: result: /bin/grep
configure:4886: checking for egrep
configure:4948: result: /bin/grep -E
configure:4953: checking for ANSI C header files
configure:4973: g++ -c -m32  -m32 conftest.cpp >&5
configure:4973: $? = 0
configure:5046: g++ -o conftest -m32  -m32  -m32 conftest.cpp  >&5
configure:5046: $? = 0
configure:5046: ./conftest
configure:5046: $? = 0
configure:5057: result: yes
configure:5070: checking for sys/types.h
configure:5070: g++ -c -m32  -m32 conftest.cpp >&5
configure:5070: $? = 0
configure:5070: result: yes
configure:5070: checking for sys/stat.h
configure:5070: g++ -c -m32  -m32 conftest.cpp >&5
configure:5070: $? = 0
configure:5070: result: yes
configure:5070: checking for stdlib.h
configure:5070: g++ -c -m32  -m32 conftest.cpp >&5
configure:5070: $? = 0
configure:5070: result: yes
configure:5070: checking for string.h
configure:5070: g++ -c -m32  -m32 conftest.cpp >&5
configure:5070: $? = 0
configure:5070: result: yes
configure:5070: checking for memory.h
configure:5070: g++ -c -m32  -m32 conftest.cpp >&5
configure:5070: $? = 0
configure:5070: result: yes
configure:5070: checking for strings.h
configure:5070: g++ -c -m32  -m32 conftest.cpp >&5
configure:5070: $? = 0
configure:5070: result: yes
configure:5070: checking for inttypes.h
configure:5070: g++ -c -m32  -m32 conftest.cpp >&5
configure:5070: $? = 0
configure:5070: result: yes
configure:5070: checking for stdint.h
configure:5070: g++ -c -m32  -m32 conftest.cpp >&5
configure:5070: $? = 0
configure:5070: result: yes
configure:5070: checking for unistd.h
configure:5070: g++ -c -m32  -m32 conftest.cpp >&5
configure:5070: $? = 0
configure:5070: result: yes
configure:5083: checking minix/config.h usability
configure:5083: g++ -c -m32  -m32 conftest.cpp >&5
conftest.cpp:54:26: fatal error: minix/config.h: No such file or directory
 #include <minix/config.h>
                          ^
compilation terminated.
configure:5083: $? = 1
configure: failed program was:
| /* confdefs.h */
| #define PACKAGE_NAME "Protocol Buffers"
| #define PACKAGE_TARNAME "protobuf"
| #define PACKAGE_VERSION "2.5.0"
| #define PACKAGE_STRING "Protocol Buffers 2.5.0"
| #define PACKAGE_BUGREPORT "protobuf@googlegroups.com"
| #define PACKAGE_URL ""
| #define PACKAGE "protobuf"
| #define VERSION "2.5.0"
| #define STDC_HEADERS 1
| #define HAVE_SYS_TYPES_H 1
| #define HAVE_SYS_STAT_H 1
| #define HAVE_STDLIB_H 1
| #define HAVE_STRING_H 1
| #define HAVE_MEMORY_H 1
| #define HAVE_STRINGS_H 1
| #define HAVE_INTTYPES_H 1
| #define HAVE_STDINT_H 1
| #define HAVE_UNISTD_H 1
| /* end confdefs.h.  */
| #include <stdio.h>
| #ifdef HAVE_SYS_TYPES_H
| # include <sys/types.h>
| #endif
| #ifdef HAVE_SYS_STAT_H
| # include <sys/stat.h>
| #endif
| #ifdef STDC_HEADERS
| # include <stdlib.h>
| # include <stddef.h>
| #else
| # ifdef HAVE_STDLIB_H
| #  include <stdlib.h>
| # endif
| #endif
| #ifdef HAVE_STRING_H
| # if !defined STDC_HEADERS && defined HAVE_MEMORY_H
| #  include <memory.h>
| # endif
| # include <string.h>
| #endif
| #ifdef HAVE_STRINGS_H
| # include <strings.h>
| #endif
| #ifdef HAVE_INTTYPES_H
| # include <inttypes.h>
| #endif
| #ifdef HAVE_STDINT_H
| # include <stdint.h>
| #endif
| #ifdef HAVE_UNISTD_H
| # include <unistd.h>
| #endif
| #include <minix/config.h>
configure:5083: result: no
configure:5083: checking minix/config.h presence
configure:5083: g++ -E  -m32 conftest.cpp
conftest.cpp:21:26: fatal error: minix/config.h: No such file or directory
 #include <minix/config.h>
                          ^
compilation terminated.
configure:5083: $? = 1
configure: failed program was:
| /* confdefs.h */
| #define PACKAGE_NAME "Protocol Buffers"
| #define PACKAGE_TARNAME "protobuf"
| #define PACKAGE_VERSION "2.5.0"
| #define PACKAGE_STRING "Protocol Buffers 2.5.0"
| #define PACKAGE_BUGREPORT "protobuf@googlegroups.com"
| #define PACKAGE_URL ""
| #define PACKAGE "protobuf"
| #define VERSION "2.5.0"
| #define STDC_HEADERS 1
| #define HAVE_SYS_TYPES_H 1
| #define HAVE_SYS_STAT_H 1
| #define HAVE_STDLIB_H 1
| #define HAVE_STRING_H 1
| #define HAVE_MEMORY_H 1
| #define HAVE_STRINGS_H 1
| #define HAVE_INTTYPES_H 1
| #define HAVE_STDINT_H 1
| #define HAVE_UNISTD_H 1
| /* end confdefs.h.  */
| #include <minix/config.h>
configure:5083: result: no
configure:5083: checking for minix/config.h
configure:5083: result: no
configure:5104: checking whether it is safe to define __EXTENSIONS__
configure:5122: g++ -c -m32  -m32 conftest.cpp >&5
configure:5122: $? = 0
configure:5129: result: yes
configure:5158: checking C++ compiler flags...
configure:5179: result: use user-supplied: -m32
configure:5194: checking whether __SUNPRO_CC is declared
configure:5194: g++ -c -m32  -m32 conftest.cpp >&5
conftest.cpp: In function 'int main()':
conftest.cpp:64:10: error: '__SUNPRO_CC' was not declared in this scope
   (void) __SUNPRO_CC;
          ^
configure:5194: $? = 1
configure: failed program was:
| /* confdefs.h */
| #define PACKAGE_NAME "Protocol Buffers"
| #define PACKAGE_TARNAME "protobuf"
| #define PACKAGE_VERSION "2.5.0"
| #define PACKAGE_STRING "Protocol Buffers 2.5.0"
| #define PACKAGE_BUGREPORT "protobuf@googlegroups.com"
| #define PACKAGE_URL ""
| #define PACKAGE "protobuf"
| #define VERSION "2.5.0"
| #define STDC_HEADERS 1
| #define HAVE_SYS_TYPES_H 1
| #define HAVE_SYS_STAT_H 1
| #define HAVE_STDLIB_H 1
| #define HAVE_STRING_H 1
| #define HAVE_MEMORY_H 1
| #define HAVE_STRINGS_H 1
| #define HAVE_INTTYPES_H 1
| #define HAVE_STDINT_H 1
| #define HAVE_UNISTD_H 1
| #define __EXTENSIONS__ 1
| #define _ALL_SOURCE 1
| #define _GNU_SOURCE 1
| #define _POSIX_PTHREAD_SEMANTICS 1
| #define _TANDEM_SOURCE 1
| /* end confdefs.h.  */
| #include <stdio.h>
| #ifdef HAVE_SYS_TYPES_H
| # include <sys/types.h>
| #endif
| #ifdef HAVE_SYS_STAT_H
| # include <sys/stat.h>
| #endif
| #ifdef STDC_HEADERS
| # include <stdlib.h>
| # include <stddef.h>
| #else
| # ifdef HAVE_STDLIB_H
| #  include <stdlib.h>
| # endif
| #endif
| #ifdef HAVE_STRING_H
| # if !defined STDC_HEADERS && defined HAVE_MEMORY_H
| #  include <memory.h>
| # endif
| # include <string.h>
| #endif
| #ifdef HAVE_STRINGS_H
| # include <strings.h>
| #endif
| #ifdef HAVE_INTTYPES_H
| # include <inttypes.h>
| #endif
| #ifdef HAVE_STDINT_H
| # include <stdint.h>
| #endif
| #ifdef HAVE_UNISTD_H
| # include <unistd.h>
| #endif
| int
| main ()
| {
| #ifndef __SUNPRO_CC
| #ifdef __cplusplus
|   (void) __SUNPRO_CC;
| #else
|   (void) __SUNPRO_CC;
| #endif
| #endif
| 
|   ;
|   return 0;
| }
configure:5194: result: no
configure:5366: checking how to print strings
configure:5393: result: printf
configure:5414: checking for a sed that does not truncate output
configure:5478: result: /bin/sed
configure:5496: checking for fgrep
configure:5558: result: /bin/grep -F
configure:5593: checking for ld used by gcc
configure:5660: result: /usr/bin/ld
configure:5667: checking if the linker (/usr/bin/ld) is GNU ld
configure:5682: result: yes
configure:5694: checking for BSD- or MS-compatible name lister (nm)
configure:5743: result: /usr/bin/nm -B
configure:5873: checking the name lister (/usr/bin/nm -B) interface
configure:5880: g++ -c -m32  -m32 conftest.cpp >&5
configure:5883: /usr/bin/nm -B "conftest.o"
configure:5886: output
00000000 B some_variable
configure:5893: result: BSD nm
configure:5896: checking whether ln -s works
configure:5900: result: yes
configure:5908: checking the maximum length of command line arguments
configure:6039: result: 3458764513820540925
configure:6056: checking whether the shell understands some XSI constructs
configure:6066: result: yes
configure:6070: checking whether the shell understands "+="
configure:6076: result: yes
configure:6111: checking how to convert x86_64-unknown-linux-gnu file names to x86_64-unknown-linux-gnu format
configure:6151: result: func_convert_file_noop
configure:6158: checking how to convert x86_64-unknown-linux-gnu file names to toolchain format
configure:6178: result: func_convert_file_noop
configure:6185: checking for /usr/bin/ld option to reload object files
configure:6192: result: -r
configure:6266: checking for objdump
configure:6282: found /usr/bin/objdump
configure:6293: result: objdump
configure:6325: checking how to recognize dependent libraries
configure:6523: result: pass_all
configure:6608: checking for dlltool
configure:6638: result: no
configure:6668: checking how to associate runtime and link libraries
configure:6695: result: printf %s\n
configure:6755: checking for ar
configure:6771: found /usr/bin/ar
configure:6782: result: ar
configure:6819: checking for archiver @FILE support
configure:6836: g++ -c -m32  -m32 conftest.cpp >&5
configure:6836: $? = 0
configure:6839: ar cru libconftest.a @conftest.lst >&5
configure:6842: $? = 0
configure:6847: ar cru libconftest.a @conftest.lst >&5
ar: conftest.o: No such file or directory
configure:6850: $? = 1
configure:6862: result: @
configure:6920: checking for strip
configure:6936: found /usr/bin/strip
configure:6947: result: strip
configure:7019: checking for ranlib
configure:7035: found /usr/bin/ranlib
configure:7046: result: ranlib
configure:7148: checking command to parse /usr/bin/nm -B output from gcc object
configure:7268: g++ -c -m32  -m32 conftest.cpp >&5
configure:7271: $? = 0
configure:7275: /usr/bin/nm -B conftest.o \| sed -n -e 's/^.*[ ]\([ABCDGIRSTW][ABCDGIRSTW]*\)[ ][ ]*\([_A-Za-z][_A-Za-z0-9]*\)$/\1 \2 \2/p' | sed '/ __gnu_lto/d' \> conftest.nm
configure:7278: $? = 0
configure:7344: g++ -o conftest -m32  -m32  -m32 conftest.cpp conftstm.o >&5
configure:7347: $? = 0
configure:7385: result: ok
configure:7422: checking for sysroot
configure:7452: result: no
configure:7530: g++ -c -m32  -m32 conftest.cpp >&5
configure:7533: $? = 0
configure:7722: checking for mt
configure:7738: found /bin/mt
configure:7749: result: mt
configure:7772: checking if mt is a manifest tool
configure:7778: mt '-?'
configure:7786: result: no
configure:8425: checking for dlfcn.h
configure:8425: g++ -c -m32  -m32 conftest.cpp >&5
configure:8425: $? = 0
configure:8425: result: yes
configure:8641: checking for objdir
configure:8656: result: .libs
configure:8927: checking if gcc supports -fno-rtti -fno-exceptions
configure:8945: gcc -c   -m32 -fno-rtti -fno-exceptions conftest.c >&5
cc1: warning: command line option '-fno-rtti' is valid for C++/ObjC++ but not for C [enabled by default]
configure:8949: $? = 0
configure:8962: result: no
configure:9289: checking for gcc option to produce PIC
configure:9296: result: -fPIC -DPIC
configure:9304: checking if gcc PIC flag -fPIC -DPIC works
configure:9322: gcc -c   -m32 -fPIC -DPIC -DPIC conftest.c >&5
configure:9326: $? = 0
configure:9339: result: yes
configure:9368: checking if gcc static flag -static works
configure:9396: result: yes
configure:9411: checking if gcc supports -c -o file.o
configure:9432: gcc -c   -m32 -o out/conftest2.o conftest.c >&5
configure:9436: $? = 0
configure:9458: result: yes
configure:9466: checking if gcc supports -c -o file.o
configure:9513: result: yes
configure:9546: checking whether the gcc linker (/usr/bin/ld -m elf_i386) supports shared libraries
configure:10703: result: yes
configure:10740: checking whether -lc should be explicitly linked in
configure:10748: gcc -c   -m32 conftest.c >&5
configure:10751: $? = 0
configure:10766: gcc -shared  -fPIC -DPIC conftest.o  -v -Wl,-soname -Wl,conftest -o conftest 2\>\&1 \| /bin/grep  -lc  \>/dev/null 2\>\&1
configure:10769: $? = 0
configure:10783: result: no
configure:10943: checking dynamic linker characteristics
configure:11443: gcc -o conftest   -m32  -m32 -Wl,-rpath -Wl,/foo conftest.c  >&5
configure:11443: $? = 0
configure:11677: result: GNU/Linux ld.so
configure:11784: checking how to hardcode library paths into programs
configure:11809: result: immediate
configure:12349: checking whether stripping libraries is possible
configure:12354: result: yes
configure:12389: checking if libtool supports shared libraries
configure:12391: result: yes
configure:12394: checking whether to build shared libraries
configure:12415: result: yes
configure:12418: checking whether to build static libraries
configure:12422: result: yes
configure:12445: checking how to run the C++ preprocessor
configure:12511: result: g++ -E
configure:12531: g++ -E  -m32 conftest.cpp
configure:12531: $? = 0
configure:12545: g++ -E  -m32 conftest.cpp
conftest.cpp:28:28: fatal error: ac_nonexistent.h: No such file or directory
 #include <ac_nonexistent.h>
                            ^
compilation terminated.
configure:12545: $? = 1
configure: failed program was:
| /* confdefs.h */
| #define PACKAGE_NAME "Protocol Buffers"
| #define PACKAGE_TARNAME "protobuf"
| #define PACKAGE_VERSION "2.5.0"
| #define PACKAGE_STRING "Protocol Buffers 2.5.0"
| #define PACKAGE_BUGREPORT "protobuf@googlegroups.com"
| #define PACKAGE_URL ""
| #define PACKAGE "protobuf"
| #define VERSION "2.5.0"
| #define STDC_HEADERS 1
| #define HAVE_SYS_TYPES_H 1
| #define HAVE_SYS_STAT_H 1
| #define HAVE_STDLIB_H 1
| #define HAVE_STRING_H 1
| #define HAVE_MEMORY_H 1
| #define HAVE_STRINGS_H 1
| #define HAVE_INTTYPES_H 1
| #define HAVE_STDINT_H 1
| #define HAVE_UNISTD_H 1
| #define __EXTENSIONS__ 1
| #define _ALL_SOURCE 1
| #define _GNU_SOURCE 1
| #define _POSIX_PTHREAD_SEMANTICS 1
| #define _TANDEM_SOURCE 1
| #define HAVE_DLFCN_H 1
| #define LT_OBJDIR ".libs/"
| /* end confdefs.h.  */
| #include <ac_nonexistent.h>
configure:12714: checking for ld used by g++
configure:12781: result: /usr/bin/ld -m elf_i386
configure:12788: checking if the linker (/usr/bin/ld -m elf_i386) is GNU ld
configure:12803: result: yes
configure:12858: checking whether the g++ linker (/usr/bin/ld -m elf_i386) supports shared libraries
configure:13860: result: yes
configure:13896: g++ -c -m32  -m32 conftest.cpp >&5
configure:13899: $? = 0
configure:14419: checking for g++ option to produce PIC
configure:14426: result: -fPIC -DPIC
configure:14434: checking if g++ PIC flag -fPIC -DPIC works
configure:14452: g++ -c -m32  -m32 -fPIC -DPIC -DPIC conftest.cpp >&5
configure:14456: $? = 0
configure:14469: result: yes
configure:14492: checking if g++ static flag -static works
configure:14520: result: yes
configure:14532: checking if g++ supports -c -o file.o
configure:14553: g++ -c -m32  -m32 -o out/conftest2.o conftest.cpp >&5
configure:14557: $? = 0
configure:14579: result: yes
configure:14584: checking if g++ supports -c -o file.o
configure:14631: result: yes
configure:14661: checking whether the g++ linker (/usr/bin/ld -m elf_i386) supports shared libraries
configure:14700: result: yes
configure:14841: checking dynamic linker characteristics
configure:15509: result: GNU/Linux ld.so
configure:15562: checking how to hardcode library paths into programs
configure:15587: result: immediate
configure:15650: checking for ANSI C header files
configure:15754: result: yes
configure:15765: checking fcntl.h usability
configure:15765: g++ -c -m32  -m32 conftest.cpp >&5
configure:15765: $? = 0
configure:15765: result: yes
configure:15765: checking fcntl.h presence
configure:15765: g++ -E  -m32 conftest.cpp
configure:15765: $? = 0
configure:15765: result: yes
configure:15765: checking for fcntl.h
configure:15765: result: yes
configure:15765: checking for inttypes.h
configure:15765: result: yes
configure:15765: checking limits.h usability
configure:15765: g++ -c -m32  -m32 conftest.cpp >&5
configure:15765: $? = 0
configure:15765: result: yes
configure:15765: checking limits.h presence
configure:15765: g++ -E  -m32 conftest.cpp
configure:15765: $? = 0
configure:15765: result: yes
configure:15765: checking for limits.h
configure:15765: result: yes
configure:15765: checking for stdlib.h
configure:15765: result: yes
configure:15765: checking for unistd.h
configure:15765: result: yes
configure:15777: checking for working memcmp
configure:15820: g++ -o conftest -m32  -m32  -m32 conftest.cpp  >&5
configure:15820: $? = 0
configure:15820: ./conftest
configure:15820: $? = 0
configure:15830: result: yes
configure:15839: checking for working strtod
configure:15880: g++ -o conftest -m32  -m32  -m32 conftest.cpp  >&5
conftest.cpp: In function 'int main()':
conftest.cpp:76:20: warning: deprecated conversion from string constant to 'char*' [-Wwrite-strings]
     char *string = " +69";
                    ^
conftest.cpp:87:20: warning: deprecated conversion from string constant to 'char*' [-Wwrite-strings]
     char *string = "NaN";
                    ^
configure:15880: $? = 0
configure:15880: ./conftest
configure:15880: $? = 0
configure:15890: result: yes
configure:15955: checking for ftruncate
configure:15955: g++ -o conftest -m32  -m32  -m32 conftest.cpp  >&5
configure:15955: $? = 0
configure:15955: result: yes
configure:15955: checking for memset
configure:15955: g++ -o conftest -m32  -m32  -m32 conftest.cpp  >&5
configure:15955: $? = 0
configure:15955: result: yes
configure:15955: checking for mkdir
configure:15955: g++ -o conftest -m32  -m32  -m32 conftest.cpp  >&5
configure:15955: $? = 0
configure:15955: result: yes
configure:15955: checking for strchr
configure:15955: g++ -o conftest -m32  -m32  -m32 conftest.cpp  >&5
configure:15955: $? = 0
configure:15955: result: yes
configure:15955: checking for strerror
configure:15955: g++ -o conftest -m32  -m32  -m32 conftest.cpp  >&5
configure:15955: $? = 0
configure:15955: result: yes
configure:15955: checking for strtol
configure:15955: g++ -o conftest -m32  -m32  -m32 conftest.cpp  >&5
configure:15955: $? = 0
configure:15955: result: yes
configure:15969: checking zlib version
configure:15989: g++ -c -m32  -m32 conftest.cpp >&5
In file included from conftest.cpp:41:0:
/usr/include/zlib.h:34:19: fatal error: zconf.h: No such file or directory
 #include "zconf.h"
                   ^
compilation terminated.
configure:15989: $? = 1
configure: failed program was:
| /* confdefs.h */
| #define PACKAGE_NAME "Protocol Buffers"
| #define PACKAGE_TARNAME "protobuf"
| #define PACKAGE_VERSION "2.5.0"
| #define PACKAGE_STRING "Protocol Buffers 2.5.0"
| #define PACKAGE_BUGREPORT "protobuf@googlegroups.com"
| #define PACKAGE_URL ""
| #define PACKAGE "protobuf"
| #define VERSION "2.5.0"
| #define STDC_HEADERS 1
| #define HAVE_SYS_TYPES_H 1
| #define HAVE_SYS_STAT_H 1
| #define HAVE_STDLIB_H 1
| #define HAVE_STRING_H 1
| #define HAVE_MEMORY_H 1
| #define HAVE_STRINGS_H 1
| #define HAVE_INTTYPES_H 1
| #define HAVE_STDINT_H 1
| #define HAVE_UNISTD_H 1
| #define __EXTENSIONS__ 1
| #define _ALL_SOURCE 1
| #define _GNU_SOURCE 1
| #define _POSIX_PTHREAD_SEMANTICS 1
| #define _TANDEM_SOURCE 1
| #define HAVE_DLFCN_H 1
| #define LT_OBJDIR ".libs/"
| #define STDC_HEADERS 1
| #define HAVE_FCNTL_H 1
| #define HAVE_INTTYPES_H 1
| #define HAVE_LIMITS_H 1
| #define HAVE_STDLIB_H 1
| #define HAVE_UNISTD_H 1
| #define HAVE_FTRUNCATE 1
| #define HAVE_MEMSET 1
| #define HAVE_MKDIR 1
| #define HAVE_STRCHR 1
| #define HAVE_STRERROR 1
| #define HAVE_STRTOL 1
| /* end confdefs.h.  */
| 
|         #include <zlib.h>
|         #if !defined(ZLIB_VERNUM) || (ZLIB_VERNUM < 0x1204)
|         # error zlib version too old
|         #endif
| 
| int
| main ()
| {
| 
|   ;
|   return 0;
| }
configure:16072: result: headers missing or too old (requires 1.2.0.4)
configure:16294: checking for the pthreads library -lpthreads
configure:16327: gcc -o conftest    -m32  -m32 conftest.c -lpthreads  >&5
conftest.c: In function 'main':
conftest.c:45:22: warning: null argument where non-null required (argument 1) [-Wnonnull]
                      pthread_attr_init(0); pthread_cleanup_push(0, 0);
                      ^
conftest.c:46:22: warning: null argument where non-null required (argument 1) [-Wnonnull]
                      pthread_create(0,0,0,0); pthread_cleanup_pop(0);
                      ^
conftest.c:46:22: warning: null argument where non-null required (argument 3) [-Wnonnull]
/usr/bin/ld: cannot find -lpthreads
collect2: error: ld returned 1 exit status
configure:16327: $? = 1
configure: failed program was:
| /* confdefs.h */
| #define PACKAGE_NAME "Protocol Buffers"
| #define PACKAGE_TARNAME "protobuf"
| #define PACKAGE_VERSION "2.5.0"
| #define PACKAGE_STRING "Protocol Buffers 2.5.0"
| #define PACKAGE_BUGREPORT "protobuf@googlegroups.com"
| #define PACKAGE_URL ""
| #define PACKAGE "protobuf"
| #define VERSION "2.5.0"
| #define STDC_HEADERS 1
| #define HAVE_SYS_TYPES_H 1
| #define HAVE_SYS_STAT_H 1
| #define HAVE_STDLIB_H 1
| #define HAVE_STRING_H 1
| #define HAVE_MEMORY_H 1
| #define HAVE_STRINGS_H 1
| #define HAVE_INTTYPES_H 1
| #define HAVE_STDINT_H 1
| #define HAVE_UNISTD_H 1
| #define __EXTENSIONS__ 1
| #define _ALL_SOURCE 1
| #define _GNU_SOURCE 1
| #define _POSIX_PTHREAD_SEMANTICS 1
| #define _TANDEM_SOURCE 1
| #define HAVE_DLFCN_H 1
| #define LT_OBJDIR ".libs/"
| #define STDC_HEADERS 1
| #define HAVE_FCNTL_H 1
| #define HAVE_INTTYPES_H 1
| #define HAVE_LIMITS_H 1
| #define HAVE_STDLIB_H 1
| #define HAVE_UNISTD_H 1
| #define HAVE_FTRUNCATE 1
| #define HAVE_MEMSET 1
| #define HAVE_MKDIR 1
| #define HAVE_STRCHR 1
| #define HAVE_STRERROR 1
| #define HAVE_STRTOL 1
| /* end confdefs.h.  */
| #include <pthread.h>
| int
| main ()
| {
| pthread_t th; pthread_join(th, 0);
|                      pthread_attr_init(0); pthread_cleanup_push(0, 0);
|                      pthread_create(0,0,0,0); pthread_cleanup_pop(0);
|   ;
|   return 0;
| }
configure:16336: result: no
configure:16239: checking whether pthreads work without any flags
configure:16327: gcc -o conftest    -m32  -m32 conftest.c   >&5
conftest.c: In function 'main':
conftest.c:45:22: warning: null argument where non-null required (argument 1) [-Wnonnull]
                      pthread_attr_init(0); pthread_cleanup_push(0, 0);
                      ^
conftest.c:46:22: warning: null argument where non-null required (argument 1) [-Wnonnull]
                      pthread_create(0,0,0,0); pthread_cleanup_pop(0);
                      ^
conftest.c:46:22: warning: null argument where non-null required (argument 3) [-Wnonnull]
/tmp/ccxZotrZ.o: In function `main':
conftest.c:(.text+0x19): undefined reference to `pthread_join'
conftest.c:(.text+0x74): undefined reference to `__pthread_register_cancel'
conftest.c:(.text+0x98): undefined reference to `pthread_create'
conftest.c:(.text+0xa1): undefined reference to `__pthread_unregister_cancel'
collect2: error: ld returned 1 exit status
configure:16327: $? = 1
configure: failed program was:
| /* confdefs.h */
| #define PACKAGE_NAME "Protocol Buffers"
| #define PACKAGE_TARNAME "protobuf"
| #define PACKAGE_VERSION "2.5.0"
| #define PACKAGE_STRING "Protocol Buffers 2.5.0"
| #define PACKAGE_BUGREPORT "protobuf@googlegroups.com"
| #define PACKAGE_URL ""
| #define PACKAGE "protobuf"
| #define VERSION "2.5.0"
| #define STDC_HEADERS 1
| #define HAVE_SYS_TYPES_H 1
| #define HAVE_SYS_STAT_H 1
| #define HAVE_STDLIB_H 1
| #define HAVE_STRING_H 1
| #define HAVE_MEMORY_H 1
| #define HAVE_STRINGS_H 1
| #define HAVE_INTTYPES_H 1
| #define HAVE_STDINT_H 1
| #define HAVE_UNISTD_H 1
| #define __EXTENSIONS__ 1
| #define _ALL_SOURCE 1
| #define _GNU_SOURCE 1
| #define _POSIX_PTHREAD_SEMANTICS 1
| #define _TANDEM_SOURCE 1
| #define HAVE_DLFCN_H 1
| #define LT_OBJDIR ".libs/"
| #define STDC_HEADERS 1
| #define HAVE_FCNTL_H 1
| #define HAVE_INTTYPES_H 1
| #define HAVE_LIMITS_H 1
| #define HAVE_STDLIB_H 1
| #define HAVE_UNISTD_H 1
| #define HAVE_FTRUNCATE 1
| #define HAVE_MEMSET 1
| #define HAVE_MKDIR 1
| #define HAVE_STRCHR 1
| #define HAVE_STRERROR 1
| #define HAVE_STRTOL 1
| /* end confdefs.h.  */
| #include <pthread.h>
| int
| main ()
| {
| pthread_t th; pthread_join(th, 0);
|                      pthread_attr_init(0); pthread_cleanup_push(0, 0);
|                      pthread_create(0,0,0,0); pthread_cleanup_pop(0);
|   ;
|   return 0;
| }
configure:16336: result: no
configure:16244: checking whether pthreads work with -Kthread
configure:16327: gcc -o conftest  -Kthread  -m32  -m32 conftest.c   >&5
gcc: error: unrecognized command line option '-Kthread'
configure:16327: $? = 1
configure: failed program was:
| /* confdefs.h */
| #define PACKAGE_NAME "Protocol Buffers"
| #define PACKAGE_TARNAME "protobuf"
| #define PACKAGE_VERSION "2.5.0"
| #define PACKAGE_STRING "Protocol Buffers 2.5.0"
| #define PACKAGE_BUGREPORT "protobuf@googlegroups.com"
| #define PACKAGE_URL ""
| #define PACKAGE "protobuf"
| #define VERSION "2.5.0"
| #define STDC_HEADERS 1
| #define HAVE_SYS_TYPES_H 1
| #define HAVE_SYS_STAT_H 1
| #define HAVE_STDLIB_H 1
| #define HAVE_STRING_H 1
| #define HAVE_MEMORY_H 1
| #define HAVE_STRINGS_H 1
| #define HAVE_INTTYPES_H 1
| #define HAVE_STDINT_H 1
| #define HAVE_UNISTD_H 1
| #define __EXTENSIONS__ 1
| #define _ALL_SOURCE 1
| #define _GNU_SOURCE 1
| #define _POSIX_PTHREAD_SEMANTICS 1
| #define _TANDEM_SOURCE 1
| #define HAVE_DLFCN_H 1
| #define LT_OBJDIR ".libs/"
| #define STDC_HEADERS 1
| #define HAVE_FCNTL_H 1
| #define HAVE_INTTYPES_H 1
| #define HAVE_LIMITS_H 1
| #define HAVE_STDLIB_H 1
| #define HAVE_UNISTD_H 1
| #define HAVE_FTRUNCATE 1
| #define HAVE_MEMSET 1
| #define HAVE_MKDIR 1
| #define HAVE_STRCHR 1
| #define HAVE_STRERROR 1
| #define HAVE_STRTOL 1
| /* end confdefs.h.  */
| #include <pthread.h>
| int
| main ()
| {
| pthread_t th; pthread_join(th, 0);
|                      pthread_attr_init(0); pthread_cleanup_push(0, 0);
|                      pthread_create(0,0,0,0); pthread_cleanup_pop(0);
|   ;
|   return 0;
| }
configure:16336: result: no
configure:16244: checking whether pthreads work with -kthread
configure:16327: gcc -o conftest  -kthread  -m32  -m32 conftest.c   >&5
gcc: error: unrecognized command line option '-kthread'
configure:16327: $? = 1
configure: failed program was:
| /* confdefs.h */
| #define PACKAGE_NAME "Protocol Buffers"
| #define PACKAGE_TARNAME "protobuf"
| #define PACKAGE_VERSION "2.5.0"
| #define PACKAGE_STRING "Protocol Buffers 2.5.0"
| #define PACKAGE_BUGREPORT "protobuf@googlegroups.com"
| #define PACKAGE_URL ""
| #define PACKAGE "protobuf"
| #define VERSION "2.5.0"
| #define STDC_HEADERS 1
| #define HAVE_SYS_TYPES_H 1
| #define HAVE_SYS_STAT_H 1
| #define HAVE_STDLIB_H 1
| #define HAVE_STRING_H 1
| #define HAVE_MEMORY_H 1
| #define HAVE_STRINGS_H 1
| #define HAVE_INTTYPES_H 1
| #define HAVE_STDINT_H 1
| #define HAVE_UNISTD_H 1
| #define __EXTENSIONS__ 1
| #define _ALL_SOURCE 1
| #define _GNU_SOURCE 1
| #define _POSIX_PTHREAD_SEMANTICS 1
| #define _TANDEM_SOURCE 1
| #define HAVE_DLFCN_H 1
| #define LT_OBJDIR ".libs/"
| #define STDC_HEADERS 1
| #define HAVE_FCNTL_H 1
| #define HAVE_INTTYPES_H 1
| #define HAVE_LIMITS_H 1
| #define HAVE_STDLIB_H 1
| #define HAVE_UNISTD_H 1
| #define HAVE_FTRUNCATE 1
| #define HAVE_MEMSET 1
| #define HAVE_MKDIR 1
| #define HAVE_STRCHR 1
| #define HAVE_STRERROR 1
| #define HAVE_STRTOL 1
| /* end confdefs.h.  */
| #include <pthread.h>
| int
| main ()
| {
| pthread_t th; pthread_join(th, 0);
|                      pthread_attr_init(0); pthread_cleanup_push(0, 0);
|                      pthread_create(0,0,0,0); pthread_cleanup_pop(0);
|   ;
|   return 0;
| }
configure:16336: result: no
configure:16294: checking for the pthreads library -llthread
configure:16327: gcc -o conftest    -m32  -m32 conftest.c -llthread  >&5
conftest.c: In function 'main':
conftest.c:45:22: warning: null argument where non-null required (argument 1) [-Wnonnull]
                      pthread_attr_init(0); pthread_cleanup_push(0, 0);
                      ^
conftest.c:46:22: warning: null argument where non-null required (argument 1) [-Wnonnull]
                      pthread_create(0,0,0,0); pthread_cleanup_pop(0);
                      ^
conftest.c:46:22: warning: null argument where non-null required (argument 3) [-Wnonnull]
/usr/bin/ld: cannot find -llthread
collect2: error: ld returned 1 exit status
configure:16327: $? = 1
configure: failed program was:
| /* confdefs.h */
| #define PACKAGE_NAME "Protocol Buffers"
| #define PACKAGE_TARNAME "protobuf"
| #define PACKAGE_VERSION "2.5.0"
| #define PACKAGE_STRING "Protocol Buffers 2.5.0"
| #define PACKAGE_BUGREPORT "protobuf@googlegroups.com"
| #define PACKAGE_URL ""
| #define PACKAGE "protobuf"
| #define VERSION "2.5.0"
| #define STDC_HEADERS 1
| #define HAVE_SYS_TYPES_H 1
| #define HAVE_SYS_STAT_H 1
| #define HAVE_STDLIB_H 1
| #define HAVE_STRING_H 1
| #define HAVE_MEMORY_H 1
| #define HAVE_STRINGS_H 1
| #define HAVE_INTTYPES_H 1
| #define HAVE_STDINT_H 1
| #define HAVE_UNISTD_H 1
| #define __EXTENSIONS__ 1
| #define _ALL_SOURCE 1
| #define _GNU_SOURCE 1
| #define _POSIX_PTHREAD_SEMANTICS 1
| #define _TANDEM_SOURCE 1
| #define HAVE_DLFCN_H 1
| #define LT_OBJDIR ".libs/"
| #define STDC_HEADERS 1
| #define HAVE_FCNTL_H 1
| #define HAVE_INTTYPES_H 1
| #define HAVE_LIMITS_H 1
| #define HAVE_STDLIB_H 1
| #define HAVE_UNISTD_H 1
| #define HAVE_FTRUNCATE 1
| #define HAVE_MEMSET 1
| #define HAVE_MKDIR 1
| #define HAVE_STRCHR 1
| #define HAVE_STRERROR 1
| #define HAVE_STRTOL 1
| /* end confdefs.h.  */
| #include <pthread.h>
| int
| main ()
| {
| pthread_t th; pthread_join(th, 0);
|                      pthread_attr_init(0); pthread_cleanup_push(0, 0);
|                      pthread_create(0,0,0,0); pthread_cleanup_pop(0);
|   ;
|   return 0;
| }
configure:16336: result: no
configure:16244: checking whether pthreads work with -pthread
configure:16327: gcc -o conftest  -pthread  -m32  -m32 conftest.c   >&5
conftest.c: In function 'main':
conftest.c:45:22: warning: null argument where non-null required (argument 1) [-Wnonnull]
                      pthread_attr_init(0); pthread_cleanup_push(0, 0);
                      ^
conftest.c:46:22: warning: null argument where non-null required (argument 1) [-Wnonnull]
                      pthread_create(0,0,0,0); pthread_cleanup_pop(0);
                      ^
conftest.c:46:22: warning: null argument where non-null required (argument 3) [-Wnonnull]
configure:16327: $? = 0
configure:16336: result: yes
configure:16355: checking for joinable pthread attribute
configure:16370: gcc -o conftest  -pthread  -m32  -m32 conftest.c   >&5
configure:16370: $? = 0
configure:16376: result: PTHREAD_CREATE_JOINABLE
configure:16386: checking if more special flags are required for pthreads
configure:16393: result: no
configure:16482: checking whether to check for GCC pthread/shared inconsistencies
configure:16495: gcc -o conftest -shared -fPIC -Wl,-z,defs  -pthread  -m32  -m32 conftest.c   >&5
configure:16495: $? = 0
configure:16507: result: yes
configure:16513: checking whether -pthread is sufficient with -shared
configure:16528: gcc -o conftest -shared -fPIC -Wl,-z,defs  -pthread  -m32  -m32 conftest.c   >&5
conftest.c: In function 'main':
conftest.c:45:8: warning: null argument where non-null required (argument 1) [-Wnonnull]
        pthread_attr_init(0); pthread_cleanup_push(0, 0);
        ^
conftest.c:46:8: warning: null argument where non-null required (argument 1) [-Wnonnull]
        pthread_create(0,0,0,0); pthread_cleanup_pop(0);
        ^
conftest.c:46:8: warning: null argument where non-null required (argument 3) [-Wnonnull]
configure:16528: $? = 0
configure:16535: result: yes
configure:16623: checking whether what we have so far is sufficient with -nostdlib
configure:16641: gcc -o conftest -nostdlib -shared -fPIC -Wl,-z,defs  -pthread  -m32  -m32 conftest.c   -lc >&5
conftest.c: In function 'main':
conftest.c:45:9: warning: null argument where non-null required (argument 1) [-Wnonnull]
         pthread_attr_init(0); pthread_cleanup_push(0, 0);
         ^
conftest.c:46:9: warning: null argument where non-null required (argument 1) [-Wnonnull]
         pthread_create(0,0,0,0); pthread_cleanup_pop(0);
         ^
conftest.c:46:9: warning: null argument where non-null required (argument 3) [-Wnonnull]
/tmp/cc1fJsTf.o: In function `main':
conftest.c:(.text+0x25): undefined reference to `pthread_join'
conftest.c:(.text+0x80): undefined reference to `__pthread_register_cancel'
conftest.c:(.text+0xa4): undefined reference to `pthread_create'
conftest.c:(.text+0xad): undefined reference to `__pthread_unregister_cancel'
collect2: error: ld returned 1 exit status
configure:16641: $? = 1
configure: failed program was:
| /* confdefs.h */
| #define PACKAGE_NAME "Protocol Buffers"
| #define PACKAGE_TARNAME "protobuf"
| #define PACKAGE_VERSION "2.5.0"
| #define PACKAGE_STRING "Protocol Buffers 2.5.0"
| #define PACKAGE_BUGREPORT "protobuf@googlegroups.com"
| #define PACKAGE_URL ""
| #define PACKAGE "protobuf"
| #define VERSION "2.5.0"
| #define STDC_HEADERS 1
| #define HAVE_SYS_TYPES_H 1
| #define HAVE_SYS_STAT_H 1
| #define HAVE_STDLIB_H 1
| #define HAVE_STRING_H 1
| #define HAVE_MEMORY_H 1
| #define HAVE_STRINGS_H 1
| #define HAVE_INTTYPES_H 1
| #define HAVE_STDINT_H 1
| #define HAVE_UNISTD_H 1
| #define __EXTENSIONS__ 1
| #define _ALL_SOURCE 1
| #define _GNU_SOURCE 1
| #define _POSIX_PTHREAD_SEMANTICS 1
| #define _TANDEM_SOURCE 1
| #define HAVE_DLFCN_H 1
| #define LT_OBJDIR ".libs/"
| #define STDC_HEADERS 1
| #define HAVE_FCNTL_H 1
| #define HAVE_INTTYPES_H 1
| #define HAVE_LIMITS_H 1
| #define HAVE_STDLIB_H 1
| #define HAVE_UNISTD_H 1
| #define HAVE_FTRUNCATE 1
| #define HAVE_MEMSET 1
| #define HAVE_MKDIR 1
| #define HAVE_STRCHR 1
| #define HAVE_STRERROR 1
| #define HAVE_STRTOL 1
| /* end confdefs.h.  */
| #include <pthread.h>
| int
| main ()
| {
| pthread_t th; pthread_join(th, 0);
| 	       pthread_attr_init(0); pthread_cleanup_push(0, 0);
| 	       pthread_create(0,0,0,0); pthread_cleanup_pop(0);
|   ;
|   return 0;
| }
configure:16653: result: no
configure:16658: checking whether -lpthread saves the day
configure:16674: gcc -o conftest -nostdlib -shared -fPIC -Wl,-z,defs  -pthread  -m32  -m32 conftest.c -lpthread   -lc >&5
conftest.c: In function 'main':
conftest.c:45:9: warning: null argument where non-null required (argument 1) [-Wnonnull]
         pthread_attr_init(0); pthread_cleanup_push(0, 0);
         ^
conftest.c:46:9: warning: null argument where non-null required (argument 1) [-Wnonnull]
         pthread_create(0,0,0,0); pthread_cleanup_pop(0);
         ^
conftest.c:46:9: warning: null argument where non-null required (argument 3) [-Wnonnull]
configure:16674: $? = 0
configure:16683: result: yes
configure:16723: checking the location of hash_map
configure:16749: g++ -c -m32  -m32 conftest.cpp >&5
configure:16749: $? = 0
configure:16771: g++ -c -m32  -m32 conftest.cpp >&5
In file included from /usr/include/c++/4.8/unordered_map:35:0,
                 from conftest.cpp:41:
/usr/include/c++/4.8/bits/c++0x_warning.h:32:2: error: #error This file requires compiler and library support for the ISO C++ 2011 standard. This support is currently experimental, and must be enabled with the -std=c++11 or -std=gnu++11 compiler options.
 #error This file requires compiler and library support for the \
  ^
conftest.cpp: In function 'int main()':
conftest.cpp:45:7: error: 'unordered_map' in namespace 'std' does not name a type
 const std::unordered_map<int, int> t;
       ^
conftest.cpp:46:33: error: 't' was not declared in this scope
                          return t.find(5) == t.end();
                                 ^
configure:16771: $? = 1
configure: failed program was:
| /* confdefs.h */
| #define PACKAGE_NAME "Protocol Buffers"
| #define PACKAGE_TARNAME "protobuf"
| #define PACKAGE_VERSION "2.5.0"
| #define PACKAGE_STRING "Protocol Buffers 2.5.0"
| #define PACKAGE_BUGREPORT "protobuf@googlegroups.com"
| #define PACKAGE_URL ""
| #define PACKAGE "protobuf"
| #define VERSION "2.5.0"
| #define STDC_HEADERS 1
| #define HAVE_SYS_TYPES_H 1
| #define HAVE_SYS_STAT_H 1
| #define HAVE_STDLIB_H 1
| #define HAVE_STRING_H 1
| #define HAVE_MEMORY_H 1
| #define HAVE_STRINGS_H 1
| #define HAVE_INTTYPES_H 1
| #define HAVE_STDINT_H 1
| #define HAVE_UNISTD_H 1
| #define __EXTENSIONS__ 1
| #define _ALL_SOURCE 1
| #define _GNU_SOURCE 1
| #define _POSIX_PTHREAD_SEMANTICS 1
| #define _TANDEM_SOURCE 1
| #define HAVE_DLFCN_H 1
| #define LT_OBJDIR ".libs/"
| #define STDC_HEADERS 1
| #define HAVE_FCNTL_H 1
| #define HAVE_INTTYPES_H 1
| #define HAVE_LIMITS_H 1
| #define HAVE_STDLIB_H 1
| #define HAVE_UNISTD_H 1
| #define HAVE_FTRUNCATE 1
| #define HAVE_MEMSET 1
| #define HAVE_MKDIR 1
| #define HAVE_STRCHR 1
| #define HAVE_STRERROR 1
| #define HAVE_STRTOL 1
| #define HAVE_PTHREAD 1
| /* end confdefs.h.  */
| #include <unordered_map>
| int
| main ()
| {
| const std::unordered_map<int, int> t;
|                          return t.find(5) == t.end();
|   ;
|   return 0;
| }
configure:16771: g++ -c -m32  -m32 conftest.cpp >&5
In file included from /usr/include/c++/4.8/unordered_map:35:0,
                 from conftest.cpp:41:
/usr/include/c++/4.8/bits/c++0x_warning.h:32:2: error: #error This file requires compiler and library support for the ISO C++ 2011 standard. This support is currently experimental, and must be enabled with the -std=c++11 or -std=gnu++11 compiler options.
 #error This file requires compiler and library support for the \
  ^
conftest.cpp: In function 'int main()':
conftest.cpp:45:7: error: 'tr1' in namespace 'std' does not name a type
 const std::tr1::unordered_map<int, int> t;
       ^
conftest.cpp:46:33: error: 't' was not declared in this scope
                          return t.find(5) == t.end();
                                 ^
configure:16771: $? = 1
configure: failed program was:
| /* confdefs.h */
| #define PACKAGE_NAME "Protocol Buffers"
| #define PACKAGE_TARNAME "protobuf"
| #define PACKAGE_VERSION "2.5.0"
| #define PACKAGE_STRING "Protocol Buffers 2.5.0"
| #define PACKAGE_BUGREPORT "protobuf@googlegroups.com"
| #define PACKAGE_URL ""
| #define PACKAGE "protobuf"
| #define VERSION "2.5.0"
| #define STDC_HEADERS 1
| #define HAVE_SYS_TYPES_H 1
| #define HAVE_SYS_STAT_H 1
| #define HAVE_STDLIB_H 1
| #define HAVE_STRING_H 1
| #define HAVE_MEMORY_H 1
| #define HAVE_STRINGS_H 1
| #define HAVE_INTTYPES_H 1
| #define HAVE_STDINT_H 1
| #define HAVE_UNISTD_H 1
| #define __EXTENSIONS__ 1
| #define _ALL_SOURCE 1
| #define _GNU_SOURCE 1
| #define _POSIX_PTHREAD_SEMANTICS 1
| #define _TANDEM_SOURCE 1
| #define HAVE_DLFCN_H 1
| #define LT_OBJDIR ".libs/"
| #define STDC_HEADERS 1
| #define HAVE_FCNTL_H 1
| #define HAVE_INTTYPES_H 1
| #define HAVE_LIMITS_H 1
| #define HAVE_STDLIB_H 1
| #define HAVE_UNISTD_H 1
| #define HAVE_FTRUNCATE 1
| #define HAVE_MEMSET 1
| #define HAVE_MKDIR 1
| #define HAVE_STRCHR 1
| #define HAVE_STRERROR 1
| #define HAVE_STRTOL 1
| #define HAVE_PTHREAD 1
| /* end confdefs.h.  */
| #include <unordered_map>
| int
| main ()
| {
| const std::tr1::unordered_map<int, int> t;
|                          return t.find(5) == t.end();
|   ;
|   return 0;
| }
configure:16771: g++ -c -m32  -m32 conftest.cpp >&5
conftest.cpp: In function 'int main()':
conftest.cpp:45:7: error: 'unordered_map' in namespace 'std' does not name a type
 const std::unordered_map<int, int> t;
       ^
conftest.cpp:46:33: error: 't' was not declared in this scope
                          return t.find(5) == t.end();
                                 ^
configure:16771: $? = 1
configure: failed program was:
| /* confdefs.h */
| #define PACKAGE_NAME "Protocol Buffers"
| #define PACKAGE_TARNAME "protobuf"
| #define PACKAGE_VERSION "2.5.0"
| #define PACKAGE_STRING "Protocol Buffers 2.5.0"
| #define PACKAGE_BUGREPORT "protobuf@googlegroups.com"
| #define PACKAGE_URL ""
| #define PACKAGE "protobuf"
| #define VERSION "2.5.0"
| #define STDC_HEADERS 1
| #define HAVE_SYS_TYPES_H 1
| #define HAVE_SYS_STAT_H 1
| #define HAVE_STDLIB_H 1
| #define HAVE_STRING_H 1
| #define HAVE_MEMORY_H 1
| #define HAVE_STRINGS_H 1
| #define HAVE_INTTYPES_H 1
| #define HAVE_STDINT_H 1
| #define HAVE_UNISTD_H 1
| #define __EXTENSIONS__ 1
| #define _ALL_SOURCE 1
| #define _GNU_SOURCE 1
| #define _POSIX_PTHREAD_SEMANTICS 1
| #define _TANDEM_SOURCE 1
| #define HAVE_DLFCN_H 1
| #define LT_OBJDIR ".libs/"
| #define STDC_HEADERS 1
| #define HAVE_FCNTL_H 1
| #define HAVE_INTTYPES_H 1
| #define HAVE_LIMITS_H 1
| #define HAVE_STDLIB_H 1
| #define HAVE_UNISTD_H 1
| #define HAVE_FTRUNCATE 1
| #define HAVE_MEMSET 1
| #define HAVE_MKDIR 1
| #define HAVE_STRCHR 1
| #define HAVE_STRERROR 1
| #define HAVE_STRTOL 1
| #define HAVE_PTHREAD 1
| /* end confdefs.h.  */
| #include <tr1/unordered_map>
| int
| main ()
| {
| const std::unordered_map<int, int> t;
|                          return t.find(5) == t.end();
|   ;
|   return 0;
| }
configure:16771: g++ -c -m32  -m32 conftest.cpp >&5
configure:16771: $? = 0
configure:16838: result: <tr1/unordered_map>
configure:16973: checking that generated files are newer than configure
configure:16979: result: done
configure:17018: creating ./config.status

## ---------------------- ##
## Running config.status. ##
## ---------------------- ##

This file was extended by Protocol Buffers config.status 2.5.0, which was
generated by GNU Autoconf 2.69.  Invocation command line was

  CONFIG_FILES    = 
  CONFIG_HEADERS  = 
  CONFIG_LINKS    = 
  CONFIG_COMMANDS = 
  $ ./config.status 

on 97b6babfe86c

config.status:1192: creating Makefile
config.status:1192: creating src/Makefile
config.status:1192: creating protobuf.pc
config.status:1192: creating protobuf-lite.pc
config.status:1192: creating config.h
config.status:1421: executing depfiles commands
config.status:1421: executing libtool commands
configure:19576: === configuring in gtest (/root/whitebox_fuzzer/libtracewrap/libtrace32/protobuf/gtest)
configure:19639: running /bin/bash ./configure --disable-option-checking '--prefix=/usr/local'  'LDFLAGS= -m32' 'CPPFLAGS= -m32' 'CXXFLAGS=-m32' --cache-file=/dev/null --srcdir=.

## ---------------- ##
## Cache variables. ##
## ---------------- ##

ac_cv_build=x86_64-unknown-linux-gnu
ac_cv_c_compiler_gnu=yes
ac_cv_cxx_compiler_gnu=yes
ac_cv_cxx_hash_map='<tr1/unordered_map>'
ac_cv_cxx_hash_map_class=unordered_map
ac_cv_cxx_hash_namespace=std::tr1
ac_cv_cxx_hash_set='<tr1/unordered_set>'
ac_cv_cxx_hash_set_class=unordered_set
ac_cv_env_CCC_set=
ac_cv_env_CCC_value=
ac_cv_env_CC_set=
ac_cv_env_CC_value=
ac_cv_env_CFLAGS_set=
ac_cv_env_CFLAGS_value=
ac_cv_env_CPPFLAGS_set=set
ac_cv_env_CPPFLAGS_value=' -m32'
ac_cv_env_CXXCPP_set=
ac_cv_env_CXXCPP_value=
ac_cv_env_CXXFLAGS_set=set
ac_cv_env_CXXFLAGS_value=-m32
ac_cv_env_CXX_set=
ac_cv_env_CXX_value=
ac_cv_env_LDFLAGS_set=set
ac_cv_env_LDFLAGS_value=' -m32'
ac_cv_env_LIBS_set=
ac_cv_env_LIBS_value=
ac_cv_env_build_alias_set=
ac_cv_env_build_alias_value=
ac_cv_env_host_alias_set=
ac_cv_env_host_alias_value=
ac_cv_env_target_alias_set=
ac_cv_env_target_alias_value=
ac_cv_func_ftruncate=yes
ac_cv_func_memcmp_working=yes
ac_cv_func_memset=yes
ac_cv_func_mkdir=yes
ac_cv_func_strchr=yes
ac_cv_func_strerror=yes
ac_cv_func_strtod=yes
ac_cv_func_strtol=yes
ac_cv_have_decl___SUNPRO_CC=no
ac_cv_header_dlfcn_h=yes
ac_cv_header_fcntl_h=yes
ac_cv_header_inttypes_h=yes
ac_cv_header_limits_h=yes
ac_cv_header_memory_h=yes
ac_cv_header_minix_config_h=no
ac_cv_header_stdc=yes
ac_cv_header_stdint_h=yes
ac_cv_header_stdlib_h=yes
ac_cv_header_string_h=yes
ac_cv_header_strings_h=yes
ac_cv_header_sys_stat_h=yes
ac_cv_header_sys_types_h=yes
ac_cv_header_unistd_h=yes
ac_cv_host=x86_64-unknown-linux-gnu
ac_cv_objext=o
ac_cv_path_EGREP='/bin/grep -E'
ac_cv_path_FGREP='/bin/grep -F'
ac_cv_path_GREP=/bin/grep
ac_cv_path_SED=/bin/sed
ac_cv_path_install='/usr/bin/install -c'
ac_cv_path_mkdir=/bin/mkdir
ac_cv_prog_AWK=mawk
ac_cv_prog_CXXCPP='g++ -E'
ac_cv_prog_ac_ct_AR=ar
ac_cv_prog_ac_ct_CC=gcc
ac_cv_prog_ac_ct_CXX=g++
ac_cv_prog_ac_ct_MANIFEST_TOOL=mt
ac_cv_prog_ac_ct_OBJDUMP=objdump
ac_cv_prog_ac_ct_RANLIB=ranlib
ac_cv_prog_ac_ct_STRIP=strip
ac_cv_prog_cc_c89=
ac_cv_prog_cc_g=yes
ac_cv_prog_cxx_g=yes
ac_cv_prog_make_make_set=yes
ac_cv_safe_to_define___extensions__=yes
ac_cv_target=x86_64-unknown-linux-gnu
am_cv_CC_dependencies_compiler_type=gcc3
am_cv_CXX_dependencies_compiler_type=gcc3
am_cv_make_support_nested_variables=yes
am_cv_prog_cc_c_o=yes
lt_cv_ar_at_file=@
lt_cv_archive_cmds_need_lc=no
lt_cv_deplibs_check_method=pass_all
lt_cv_file_magic_cmd='$MAGIC_CMD'
lt_cv_file_magic_test_file=
lt_cv_ld_reload_flag=-r
lt_cv_nm_interface='BSD nm'
lt_cv_objdir=.libs
lt_cv_path_LD=/usr/bin/ld
lt_cv_path_LDCXX='/usr/bin/ld -m elf_i386'
lt_cv_path_NM='/usr/bin/nm -B'
lt_cv_path_mainfest_tool=no
lt_cv_prog_compiler_c_o=yes
lt_cv_prog_compiler_c_o_CXX=yes
lt_cv_prog_compiler_pic='-fPIC -DPIC'
lt_cv_prog_compiler_pic_CXX='-fPIC -DPIC'
lt_cv_prog_compiler_pic_works=yes
lt_cv_prog_compiler_pic_works_CXX=yes
lt_cv_prog_compiler_rtti_exceptions=no
lt_cv_prog_compiler_static_works=yes
lt_cv_prog_compiler_static_works_CXX=yes
lt_cv_prog_gnu_ld=yes
lt_cv_prog_gnu_ldcxx=yes
lt_cv_sharedlib_from_linklib_cmd='printf %s\n'
lt_cv_shlibpath_overrides_runpath=no
lt_cv_sys_global_symbol_pipe='sed -n -e '\''s/^.*[	 ]\([ABCDGIRSTW][ABCDGIRSTW]*\)[	 ][	 ]*\([_A-Za-z][_A-Za-z0-9]*\)$/\1 \2 \2/p'\'' | sed '\''/ __gnu_lto/d'\'''
lt_cv_sys_global_symbol_to_c_name_address='sed -n -e '\''s/^: \([^ ]*\)[ ]*$/  {\"\1\", (void *) 0},/p'\'' -e '\''s/^[ABCDGIRSTW]* \([^ ]*\) \([^ ]*\)$/  {"\2", (void *) \&\2},/p'\'''
lt_cv_sys_global_symbol_to_c_name_address_lib_prefix='sed -n -e '\''s/^: \([^ ]*\)[ ]*$/  {\"\1\", (void *) 0},/p'\'' -e '\''s/^[ABCDGIRSTW]* \([^ ]*\) \(lib[^ ]*\)$/  {"\2", (void *) \&\2},/p'\'' -e '\''s/^[ABCDGIRSTW]* \([^ ]*\) \([^ ]*\)$/  {"lib\2", (void *) \&\2},/p'\'''
lt_cv_sys_global_symbol_to_cdecl='sed -n -e '\''s/^T .* \(.*\)$/extern int \1();/p'\'' -e '\''s/^[ABCDGIRSTW]* .* \(.*\)$/extern char \1;/p'\'''
lt_cv_sys_max_cmd_len=3458764513820540925
lt_cv_to_host_file_cmd=func_convert_file_noop
lt_cv_to_tool_file_cmd=func_convert_file_noop

## ----------------- ##
## Output variables. ##
## ----------------- ##

ACLOCAL='${SHELL} /root/whitebox_fuzzer/libtracewrap/libtrace32/protobuf/missing aclocal-1.14'
AMDEPBACKSLASH='\'
AMDEP_FALSE='#'
AMDEP_TRUE=''
AMTAR='$${TAR-tar}'
AM_BACKSLASH='\'
AM_DEFAULT_V='$(AM_DEFAULT_VERBOSITY)'
AM_DEFAULT_VERBOSITY='1'
AM_V='$(V)'
AR='ar'
AUTOCONF='${SHELL} /root/whitebox_fuzzer/libtracewrap/libtrace32/protobuf/missing autoconf'
AUTOHEADER='${SHELL} /root/whitebox_fuzzer/libtracewrap/libtrace32/protobuf/missing autoheader'
AUTOMAKE='${SHELL} /root/whitebox_fuzzer/libtracewrap/libtrace32/protobuf/missing automake-1.14'
AWK='mawk'
CC='gcc'
CCDEPMODE='depmode=gcc3'
CFLAGS=''
CPPFLAGS=' -m32'
CXX='g++'
CXXCPP='g++ -E'
CXXDEPMODE='depmode=gcc3'
CXXFLAGS='-m32'
CYGPATH_W='echo'
DEFS='-DHAVE_CONFIG_H'
DEPDIR='.deps'
DLLTOOL='false'
DSYMUTIL=''
DUMPBIN=''
ECHO_C=''
ECHO_N='-n'
ECHO_T=''
EGREP='/bin/grep -E'
EXEEXT=''
FGREP='/bin/grep -F'
GCC_FALSE='#'
GCC_TRUE=''
GREP='/bin/grep'
HAVE_ZLIB_FALSE=''
HAVE_ZLIB_TRUE='#'
INSTALL_DATA='${INSTALL} -m 644'
INSTALL_PROGRAM='${INSTALL}'
INSTALL_SCRIPT='${INSTALL}'
INSTALL_STRIP_PROGRAM='$(install_sh) -c -s'
ISAINFO=''
LD='/usr/bin/ld -m elf_i386'
LDFLAGS=' -m32'
LIBOBJS=''
LIBS=''
LIBTOOL='$(SHELL) $(top_builddir)/libtool'
LIPO=''
LN_S='ln -s'
LTLIBOBJS=''
MAINT=''
MAINTAINER_MODE_FALSE='#'
MAINTAINER_MODE_TRUE=''
MAKEINFO='${SHELL} /root/whitebox_fuzzer/libtracewrap/libtrace32/protobuf/missing makeinfo'
MANIFEST_TOOL=':'
MKDIR_P='/bin/mkdir -p'
NM='/usr/bin/nm -B'
NMEDIT=''
OBJDUMP='objdump'
OBJEXT='o'
OTOOL64=''
OTOOL=''
PACKAGE='protobuf'
PACKAGE_BUGREPORT='protobuf@googlegroups.com'
PACKAGE_NAME='Protocol Buffers'
PACKAGE_STRING='Protocol Buffers 2.5.0'
PACKAGE_TARNAME='protobuf'
PACKAGE_URL=''
PACKAGE_VERSION='2.5.0'
PATH_SEPARATOR=':'
POW_LIB=''
PROTOBUF_OPT_FLAG=''
PROTOC=''
PTHREAD_CC='gcc'
PTHREAD_CFLAGS='-pthread'
PTHREAD_LIBS=' -lpthread'
RANLIB='ranlib'
SED='/bin/sed'
SET_MAKE=''
SHELL='/bin/bash'
STRIP='strip'
USE_EXTERNAL_PROTOC_FALSE=''
USE_EXTERNAL_PROTOC_TRUE='#'
VERSION='2.5.0'
ac_ct_AR='ar'
ac_ct_CC='gcc'
ac_ct_CXX='g++'
ac_ct_DUMPBIN=''
acx_pthread_config=''
am__EXEEXT_FALSE=''
am__EXEEXT_TRUE='#'
am__fastdepCC_FALSE='#'
am__fastdepCC_TRUE=''
am__fastdepCXX_FALSE='#'
am__fastdepCXX_TRUE=''
am__include='include'
am__isrc=''
am__leading_dot='.'
am__nodep='_no'
am__quote=''
am__tar='$${TAR-tar} chof - "$$tardir"'
am__untar='$${TAR-tar} xf -'
bindir='${exec_prefix}/bin'
build='x86_64-unknown-linux-gnu'
build_alias=''
build_cpu='x86_64'
build_os='linux-gnu'
build_vendor='unknown'
datadir='${datarootdir}'
datarootdir='${prefix}/share'
docdir='${datarootdir}/doc/${PACKAGE_TARNAME}'
dvidir='${docdir}'
exec_prefix='${prefix}'
host='x86_64-unknown-linux-gnu'
host_alias=''
host_cpu='x86_64'
host_os='linux-gnu'
host_vendor='unknown'
htmldir='${docdir}'
includedir='${prefix}/include'
infodir='${datarootdir}/info'
install_sh='${SHELL} /root/whitebox_fuzzer/libtracewrap/libtrace32/protobuf/install-sh'
libdir='${exec_prefix}/lib'
libexecdir='${exec_prefix}/libexec'
localedir='${datarootdir}/locale'
localstatedir='${prefix}/var'
mandir='${datarootdir}/man'
mkdir_p='$(MKDIR_P)'
oldincludedir='/usr/include'
pdfdir='${docdir}'
prefix='/usr/local'
program_transform_name='s,x,x,'
psdir='${docdir}'
sbindir='${exec_prefix}/sbin'
sharedstatedir='${prefix}/com'
subdirs=' gtest'
sysconfdir='${prefix}/etc'
target='x86_64-unknown-linux-gnu'
target_alias=''
target_cpu='x86_64'
target_os='linux-gnu'
target_vendor='unknown'

## ----------- ##
## confdefs.h. ##
## ----------- ##

/* confdefs.h */
#define PACKAGE_NAME "Protocol Buffers"
#define PACKAGE_TARNAME "protobuf"
#define PACKAGE_VERSION "2.5.0"
#define PACKAGE_STRING "Protocol Buffers 2.5.0"
#define PACKAGE_BUGREPORT "protobuf@googlegroups.com"
#define PACKAGE_URL ""
#define PACKAGE "protobuf"
#define VERSION "2.5.0"
#define STDC_HEADERS 1
#define HAVE_SYS_TYPES_H 1
#define HAVE_SYS_STAT_H 1
#define HAVE_STDLIB_H 1
#define HAVE_STRING_H 1
#define HAVE_MEMORY_H 1
#define HAVE_STRINGS_H 1
#define HAVE_INTTYPES_H 1
#define HAVE_STDINT_H 1
#define HAVE_UNISTD_H 1
#define __EXTENSIONS__ 1
#define _ALL_SOURCE 1
#define _GNU_SOURCE 1
#define _POSIX_PTHREAD_SEMANTICS 1
#define _TANDEM_SOURCE 1
#define HAVE_DLFCN_H 1
#define LT_OBJDIR ".libs/"
#define STDC_HEADERS 1
#define HAVE_FCNTL_H 1
#define HAVE_INTTYPES_H 1
#define HAVE_LIMITS_H 1
#define HAVE_STDLIB_H 1
#define HAVE_UNISTD_H 1
#define HAVE_FTRUNCATE 1
#define HAVE_MEMSET 1
#define HAVE_MKDIR 1
#define HAVE_STRCHR 1
#define HAVE_STRERROR 1
#define HAVE_STRTOL 1
#define HAVE_PTHREAD 1
#define HAVE_HASH_MAP 1
#define HAVE_HASH_SET 1
#define HASH_MAP_H <tr1/unordered_map>
#define HASH_SET_H <tr1/unordered_set>
#define HASH_NAMESPACE std::tr1
#define HASH_MAP_CLASS unordered_map
#define HASH_SET_CLASS unordered_set

configure: exit 0
