This file contains any messages produced by compilers while
running configure, to aid debugging if configure makes a mistake.

It was created by configure, which was
generated by GNU Autoconf 2.69.  Invocation command line was

  $ ./configure --disable-option-checking --prefix=/usr/local --cache-file=/dev/null --srcdir=.

## --------- ##
## Platform. ##
## --------- ##

hostname = 97b6babfe86c
uname -m = x86_64
uname -r = 3.19.0-25-generic
uname -s = Linux
uname -v = #26~14.04.1-Ubuntu SMP Fri Jul 24 21:16:20 UTC 2015

/usr/bin/uname -p = unknown
/bin/uname -X     = unknown

/bin/arch              = unknown
/usr/bin/arch -k       = unknown
/usr/convex/getsysinfo = unknown
/usr/bin/hostinfo      = unknown
/bin/machine           = unknown
/usr/bin/oslevel       = unknown
/bin/universe          = unknown

PATH: /root/.opam/3.12.1/bin
PATH: /usr/lib/jvm/jdk1.8.0_71/bin
PATH: /usr/local/sbin
PATH: /usr/local/bin
PATH: /usr/sbin
PATH: /usr/bin
PATH: /sbin
PATH: /bin


## ----------- ##
## Core tests. ##
## ----------- ##

configure:1691: checking for ocamlc
configure:1707: found /root/.opam/3.12.1/bin/ocamlc
configure:1719: result: ocamlc
configure:1752: checking for ocamlopt
configure:1768: found /root/.opam/3.12.1/bin/ocamlopt
configure:1780: result: ocamlopt
configure:1793: checking ocamlopt version
configure:1801: result: ok
configure:1810: checking for ocamlc.opt
configure:1826: found /root/.opam/3.12.1/bin/ocamlc.opt
configure:1838: result: ocamlc.opt
configure:1847: checking ocamlc.opt version
configure:1854: result: ok
configure:1864: checking for ocamlopt.opt
configure:1880: found /root/.opam/3.12.1/bin/ocamlopt.opt
configure:1892: result: ocamlopt.opt
configure:1901: checking ocamlc.opt version
configure:1908: result: ok
configure:1918: checking for ocamldep
configure:1934: found /root/.opam/3.12.1/bin/ocamldep
configure:1946: result: ocamldep
configure:1960: checking for ocamllex
configure:1976: found /root/.opam/3.12.1/bin/ocamllex
configure:1988: result: ocamllex
configure:2001: checking for ocamllex.opt
configure:2017: found /root/.opam/3.12.1/bin/ocamllex.opt
configure:2029: result: ocamllex.opt
configure:2044: checking for ocamlyacc
configure:2060: found /root/.opam/3.12.1/bin/ocamlyacc
configure:2072: result: ocamlyacc
configure:2086: checking for ocamldoc
configure:2102: found /root/.opam/3.12.1/bin/ocamldoc
configure:2114: result: ocamldoc
configure:2128: checking for ocamldoc.opt
configure:2144: found /root/.opam/3.12.1/bin/ocamldoc.opt
configure:2156: result: ocamldoc.opt
configure:2171: checking for ocamlweb
configure:2199: result: true
configure:2210: checking for ocamlfind
configure:2226: found /root/.opam/3.12.1/bin/ocamlfind
configure:2237: result: ocamlfind
configure:2283: checking for /root/.opam/3.12.1/lib/ocaml/lablgtk2/lablgtk.cmxa
configure:2297: result: no
configure:2337: checking Win32 platform
configure:2346: result: no
configure:2357: WARNING: lablgnomecanvas not found: the graph editor and view_graph will not be compiled
configure:2533: creating ./config.status

## ---------------------- ##
## Running config.status. ##
## ---------------------- ##

This file was extended by config.status, which was
generated by GNU Autoconf 2.69.  Invocation command line was

  CONFIG_FILES    = 
  CONFIG_HEADERS  = 
  CONFIG_LINKS    = 
  CONFIG_COMMANDS = 
  $ ./config.status 

on 97b6babfe86c

config.status:733: creating Makefile

## ---------------- ##
## Cache variables. ##
## ---------------- ##

ac_cv_env_build_alias_set=
ac_cv_env_build_alias_value=
ac_cv_env_host_alias_set=
ac_cv_env_host_alias_value=
ac_cv_env_target_alias_set=
ac_cv_env_target_alias_value=
ac_cv_file__root__opam_3_12_1_lib_ocaml_lablgtk2_lablgtk_cmxa=no
ac_cv_prog_OCAMLC=ocamlc
ac_cv_prog_OCAMLCDOTOPT=ocamlc.opt
ac_cv_prog_OCAMLDEP=ocamldep
ac_cv_prog_OCAMLDOC=ocamldoc
ac_cv_prog_OCAMLDOCOPT=ocamldoc.opt
ac_cv_prog_OCAMLFIND=ocamlfind
ac_cv_prog_OCAMLLEX=ocamllex
ac_cv_prog_OCAMLLEXDOTOPT=ocamllex.opt
ac_cv_prog_OCAMLOPT=ocamlopt
ac_cv_prog_OCAMLOPTDOTOPT=ocamlopt.opt
ac_cv_prog_OCAMLWEB=true
ac_cv_prog_OCAMLYACC=ocamlyacc

## ----------------- ##
## Output variables. ##
## ----------------- ##

DEFS='-DPACKAGE_NAME=\"\" -DPACKAGE_TARNAME=\"\" -DPACKAGE_VERSION=\"\" -DPACKAGE_STRING=\"\" -DPACKAGE_BUGREPORT=\"\" -DPACKAGE_URL=\"\"'
ECHO_C=''
ECHO_N='-n'
ECHO_T=''
EXE=''
INCLUDEGTK2=''
LABLGNOMECANVAS='no'
LABLGTK2='no'
LIBEXT='.a'
LIBOBJS=''
LIBS=''
LTLIBOBJS=''
OBJEXT='.o'
OCAMLBEST='opt'
OCAMLC='ocamlc.opt'
OCAMLCDOTOPT='ocamlc.opt'
OCAMLDEP='ocamldep'
OCAMLDOC='ocamldoc.opt'
OCAMLDOCOPT='ocamldoc.opt'
OCAMLFIND='ocamlfind'
OCAMLLEX='ocamllex.opt'
OCAMLLEXDOTOPT='ocamllex.opt'
OCAMLLIB='/root/.opam/3.12.1/lib/ocaml'
OCAMLOPT='ocamlopt.opt'
OCAMLOPTDOTOPT='ocamlopt.opt'
OCAMLVERSION='3.12.1'
OCAMLWEB='true'
OCAMLWIN32='no'
OCAMLYACC='ocamlyacc'
PACKAGE_BUGREPORT=''
PACKAGE_NAME=''
PACKAGE_STRING=''
PACKAGE_TARNAME=''
PACKAGE_URL=''
PACKAGE_VERSION=''
PATH_SEPARATOR=':'
SHELL='/bin/bash'
bindir='${exec_prefix}/bin'
build_alias=''
datadir='${datarootdir}'
datarootdir='${prefix}/share'
docdir='${datarootdir}/doc/${PACKAGE}'
dvidir='${docdir}'
exec_prefix='${prefix}'
host_alias=''
htmldir='${docdir}'
includedir='${prefix}/include'
infodir='${datarootdir}/info'
libdir='${exec_prefix}/lib'
libexecdir='${exec_prefix}/libexec'
localedir='${datarootdir}/locale'
localstatedir='${prefix}/var'
mandir='${datarootdir}/man'
oldincludedir='/usr/include'
pdfdir='${docdir}'
prefix='/usr/local'
program_transform_name='s,x,x,'
psdir='${docdir}'
sbindir='${exec_prefix}/sbin'
sharedstatedir='${prefix}/com'
sysconfdir='${prefix}/etc'
target_alias=''

## ----------- ##
## confdefs.h. ##
## ----------- ##

/* confdefs.h */
#define PACKAGE_NAME ""
#define PACKAGE_TARNAME ""
#define PACKAGE_VERSION ""
#define PACKAGE_STRING ""
#define PACKAGE_BUGREPORT ""
#define PACKAGE_URL ""

configure: exit 0
